======= login_back start  2019-01-21 13:35:57 =======
testing
======= login_back end    2019-01-21 13:35:57 =======
======= login_back start  2019-01-21 14:16:29 =======
======= login_back end    2019-01-21 14:16:29 =======
======= login_back start  2019-01-21 14:19:38 =======
======= login_back end    2019-01-21 14:19:38 =======
======= login_back start  2019-01-21 14:22:46 =======
======= login_back end    2019-01-21 14:22:46 =======
======= login_back start  2019-01-21 14:23:31 =======
_pull /home/hyliang/ENV/shareENV
_pull /home/hyliang/ENV/serverENV
======= login_back end    2019-01-21 14:23:31 =======
======= login_back start  2019-01-21 14:29:02 =======
_pull /home/hyliang/ENV/shareENV
_pull /home/hyliang/ENV/serverENV
======= login_back start  2019-01-21 14:29:20 =======
_pull /home/hyliang/ENV/shareENV
======= login_back end    2019-01-21 14:29:22 =======
_pull /home/hyliang/ENV/serverENV
======= login_back start  2019-01-21 14:29:32 =======
_pull /home/hyliang/ENV/shareENV
======= login_back end    2019-01-21 14:29:41 =======
_pull /home/hyliang/ENV/serverENV
======= login_back end    2019-01-21 14:29:52 =======
======= login_back start  2019-01-21 14:31:39 =======
_pull /home/hyliang/ENV/shareENV
/home/hyliang/ENV/serverENV is syncing now
======= login_back end    2019-01-21 14:31:49 =======
======= login_sync start  2019-01-22 04:24:59 =======
_pull /home/hyliang/ENV/shareENV
/home/hyliang/ENV/serverENV is syncing now
======= login_sync end    2019-01-22 04:25:09 =======
======= login_sync start  2019-01-22 04:25:52 =======
_pull /home/hyliang/ENV/shareENV
_pull /home/hyliang/ENV/serverENV
======= login_sync end    2019-01-22 04:26:12 =======
======= login_sync start  2019-01-22 12:30:32 =======
_pull /home/hyliang/ENV/shareENV
_pull /home/hyliang/ENV/serverENV
======= login_sync end    2019-01-22 12:30:32 =======
======= login_sync start  2019-01-22 12:43:29 =======
_pull /home/hyliang/ENV/shareENV
_pull /home/hyliang/ENV/serverENV
======= login_sync end    2019-01-22 12:43:29 =======
======= login_sync start  2019-01-22 12:44:37 =======
_pull /home/hyliang/ENV/shareENV
_pull /home/hyliang/ENV/serverENV
======= login_sync end    2019-01-22 12:44:37 =======
======= login_sync start  2019-01-22 12:46:18 =======
_pull /home/hyliang/ENV/shareENV
_pull /home/hyliang/ENV/serverENV
======= login_sync end    2019-01-22 12:46:18 =======
======= login_sync start  2019-01-22 12:47:01 =======
_pull /home/hyliang/ENV/shareENV
_pull /home/hyliang/ENV/serverENV
======= login_sync end    2019-01-22 12:47:01 =======
======= login_sync start  2019-01-22 12:47:58 =======
_pull /home/hyliang/ENV/shareENV
_pull /home/hyliang/ENV/serverENV
======= login_sync end    2019-01-22 12:47:58 =======
======= login_sync start  2019-01-22 12:52:07 =======
_pull /home/hyliang/ENV/shareENV
_pull /home/hyliang/ENV/serverENV
======= login_sync end    2019-01-22 12:52:07 =======
======= login_sync start  2019-01-22 12:52:55 =======
_pull /home/hyliang/ENV/shareENV
_pull /home/hyliang/ENV/serverENV
======= login_sync end    2019-01-22 12:52:55 =======
======= login_sync start  2019-01-22 13:01:35 =======
_pull /home/hyliang/ENV/shareENV
_pull /home/hyliang/ENV/serverENV
======= login_sync end    2019-01-22 13:01:35 =======
======= login_sync start  2019-01-22 13:10:18 =======
_pull /home/hyliang/ENV/shareENV
_pull /home/hyliang/ENV/serverENV
======= login_sync end    2019-01-22 13:10:18 =======
======= login_sync start  2019-01-22 13:11:20 =======
_pull /home/hyliang/ENV/shareENV
_pull /home/hyliang/ENV/serverENV
======= login_sync end    2019-01-22 13:11:20 =======
======= login_sync start  2019-01-22 16:18:12 =======
_pull /home/hyliang/ENV/shareENV
_pull /home/hyliang/ENV/serverENV
======= login_sync end    2019-01-22 16:18:12 =======
======= login_sync start  2019-01-22 16:26:55 =======
_pull /home/hyliang/ENV/shareENV
_pull /home/hyliang/ENV/serverENV
======= login_sync end    2019-01-22 16:26:55 =======
======= login_sync start  2019-01-22 16:47:04 =======
_pull /home/hyliang/ENV/shareENV
_pull /home/hyliang/ENV/serverENV
======= login_sync end    2019-01-22 16:47:04 =======
======= login_sync start  2019-01-22 16:48:36 =======
_pull /home/hyliang/ENV/shareENV
_pull /home/hyliang/ENV/serverENV
======= login_sync end    2019-01-22 16:48:36 =======
======= login_sync start  2019-01-22 16:55:14 =======
_pull /home/hyliang/ENV/shareENV
_pull /home/hyliang/ENV/serverENV
======= login_sync end    2019-01-22 16:55:14 =======
======= login_sync start  2019-01-22 16:55:55 =======
_pull /home/hyliang/ENV/shareENV
_pull /home/hyliang/ENV/serverENV
======= login_sync end    2019-01-22 16:55:55 =======
======= login_sync start  2019-01-22 16:56:37 =======
_pull /home/hyliang/ENV/shareENV
_pull /home/hyliang/ENV/serverENV
======= login_sync end    2019-01-22 16:56:37 =======
======= login_sync start  2019-01-22 16:58:10 =======
_pull /home/hyliang/ENV/shareENV
_pull /home/hyliang/ENV/serverENV
======= login_sync end    2019-01-22 16:58:10 =======
======= login_sync start  2019-01-22 17:08:49 =======
_pull /home/hyliang/ENV/shareENV
_pull /home/hyliang/ENV/serverENV
======= login_sync end    2019-01-22 17:08:49 =======
======= login_sync start  2019-01-22 17:33:25 =======
_pull /home/hyliang/ENV/shareENV
_pull /home/hyliang/ENV/serverENV
======= login_sync end    2019-01-22 17:33:25 =======
======= login_sync start  2019-01-22 17:36:56 =======
_pull /home/hyliang/ENV/shareENV
_pull /home/hyliang/ENV/serverENV
======= login_sync end    2019-01-22 17:36:56 =======
======= login_sync start  2019-01-22 17:41:13 =======
_pull /home/hyliang/ENV/shareENV
_pull /home/hyliang/ENV/serverENV
======= login_sync end    2019-01-22 17:41:13 =======
======= login_sync start  2019-01-22 17:45:25 =======
_pull /home/hyliang/ENV/shareENV
_pull /home/hyliang/ENV/serverENV
======= login_sync end    2019-01-22 17:45:25 =======
======= login_sync start  2019-01-22 17:45:48 =======
/home/hyliang/ENV/shareENV is syncing now
_pull /home/hyliang/ENV/serverENV
======= login_sync end    2019-01-22 17:45:48 =======
======= login_sync start  2019-01-22 17:47:47 =======
_pull /home/hyliang/ENV/shareENV
_pull /home/hyliang/ENV/serverENV
======= login_sync end    2019-01-22 17:47:47 =======
======= login_sync start  2019-01-22 17:51:04 =======
_pull /home/hyliang/ENV/shareENV
_pull /home/hyliang/ENV/serverENV
======= login_sync end    2019-01-22 17:51:04 =======
======= login_sync start  2019-01-22 17:53:58 =======
_pull /home/hyliang/ENV/shareENV
_pull /home/hyliang/ENV/serverENV
======= login_sync end    2019-01-22 17:53:58 =======
======= login_sync start  2019-01-22 17:55:17 =======
_pull /home/hyliang/ENV/shareENV
_pull /home/hyliang/ENV/serverENV
======= login_sync end    2019-01-22 17:55:17 =======
======= login_sync start  2019-01-22 19:04:04 =======
_pull /home/hyliang/ENV/shareENV
_pull /home/hyliang/ENV/serverENV
======= login_sync end    2019-01-22 19:04:04 =======
======= login_sync start  2019-01-22 19:04:08 =======
_pull /home/hyliang/ENV/shareENV
_pull /home/hyliang/ENV/serverENV
======= login_sync end    2019-01-22 19:04:08 =======
======= login_sync start  2019-01-22 19:04:45 =======
_pull /home/hyliang/ENV/shareENV
_pull /home/hyliang/ENV/serverENV
======= login_sync end    2019-01-22 19:04:45 =======
======= login_sync start  2019-01-22 19:07:17 =======
_pull /home/hyliang/ENV/shareENV
_pull /home/hyliang/ENV/serverENV
======= login_sync end    2019-01-22 19:07:17 =======
======= login_sync start  2019-01-22 19:09:02 =======
_pull /home/hyliang/ENV/shareENV
_pull /home/hyliang/ENV/serverENV
======= login_sync end    2019-01-22 19:09:02 =======
======= login_sync start  2019-01-22 19:11:22 =======
_pull /home/hyliang/ENV/shareENV
_pull /home/hyliang/ENV/serverENV
======= login_sync end    2019-01-22 19:11:22 =======
======= login_sync start  2019-01-22 19:44:32 =======
_pull /home/hyliang/ENV/shareENV
_pull /home/hyliang/ENV/serverENV
======= login_sync end    2019-01-22 19:44:32 =======
======= login_sync start  2019-01-22 19:53:03 =======
_pull /home/hyliang/ENV/shareENV
_pull /home/hyliang/ENV/serverENV
======= login_sync end    2019-01-22 19:53:03 =======
======= login_sync start  2019-01-22 20:01:45 =======
/home/hyliang/ENV/shareENV is syncing now
_pull /home/hyliang/ENV/serverENV
======= login_sync end    2019-01-22 20:01:45 =======
======= login_sync start  2019-01-22 20:14:15 =======
_pull /home/hyliang/ENV/shareENV
_pull /home/hyliang/ENV/serverENV
======= login_sync end    2019-01-22 20:14:15 =======
======= login_sync start  2019-01-22 20:19:05 =======
_pull /home/hyliang/ENV/shareENV
_pull /home/hyliang/ENV/serverENV
======= login_sync end    2019-01-22 20:19:05 =======
======= login_sync start  2019-01-22 20:59:09 =======
/home/hyliang/ENV/shareENV is syncing now
_pull /home/hyliang/ENV/serverENV
======= login_sync end    2019-01-22 20:59:09 =======
======= login_sync start  2019-01-22 21:02:04 =======
/home/hyliang/ENV/shareENV is syncing now
_pull /home/hyliang/ENV/serverENV
======= login_sync end    2019-01-22 21:02:04 =======
======= login_sync start  2019-01-22 21:02:55 =======
_pull /home/hyliang/ENV/shareENV
_pull /home/hyliang/ENV/serverENV
======= login_sync end    2019-01-22 21:02:55 =======
======= login_sync start  2019-01-22 21:09:04 =======
/home/hyliang/ENV/shareENV is syncing now
_pull /home/hyliang/ENV/serverENV
======= login_sync end    2019-01-22 21:09:04 =======
======= login_sync start  2019-01-22 21:15:16 =======
_pull /home/hyliang/ENV/shareENV
_pull /home/hyliang/ENV/serverENV
======= login_sync end    2019-01-22 21:15:16 =======
======= login_sync start  2019-01-22 21:16:45 =======
/home/hyliang/ENV/shareENV is syncing now
_pull /home/hyliang/ENV/serverENV
======= login_sync end    2019-01-22 21:16:45 =======
======= login_sync start  2019-01-22 21:21:47 =======
/home/hyliang/ENV/shareENV is syncing now
_pull /home/hyliang/ENV/serverENV
======= login_sync end    2019-01-22 21:21:47 =======
======= login_sync start  2019-01-22 21:40:43 =======
_pull /home/hyliang/ENV/shareENV
_pull /home/hyliang/ENV/serverENV
======= login_sync end    2019-01-22 21:40:43 =======
======= login_sync start  2019-01-22 21:46:23 =======
/home/hyliang/ENV/shareENV is syncing now
_pull /home/hyliang/ENV/serverENV
======= login_sync end    2019-01-22 21:46:23 =======
======= login_sync start  2019-01-22 21:52:25 =======
/home/hyliang/ENV/shareENV is syncing now
_pull /home/hyliang/ENV/serverENV
======= login_sync end    2019-01-22 21:52:25 =======
======= login_sync start  2019-01-22 22:18:46 =======
/home/hyliang/ENV/shareENV is syncing now
_pull /home/hyliang/ENV/serverENV
======= login_sync end    2019-01-22 22:18:46 =======
======= login_sync start  2019-01-22 22:51:15 =======
_pull /home/hyliang/ENV/shareENV
_pull /home/hyliang/ENV/serverENV
======= login_sync end    2019-01-22 22:51:15 =======
======= login_sync start  2019-01-22 22:51:28 =======
_pull /home/hyliang/ENV/shareENV
_pull /home/hyliang/ENV/serverENV
======= login_sync end    2019-01-22 22:51:28 =======
======= login_sync start  2019-01-22 22:51:44 =======
_pull /home/hyliang/ENV/shareENV
_pull /home/hyliang/ENV/serverENV
======= login_sync end    2019-01-22 22:51:44 =======
======= login_sync start  2019-01-22 22:55:40 =======
_pull /home/hyliang/ENV/shareENV
_pull /home/hyliang/ENV/serverENV
======= login_sync end    2019-01-22 22:55:40 =======
======= login_sync start  2019-01-22 22:58:23 =======
/home/hyliang/ENV/shareENV is syncing now
_pull /home/hyliang/ENV/serverENV
======= login_sync end    2019-01-22 22:58:23 =======
======= login_sync start  2019-01-22 23:00:29 =======
_pull /home/hyliang/ENV/shareENV
_pull /home/hyliang/ENV/serverENV
======= login_sync end    2019-01-22 23:00:29 =======
======= login_sync start  2019-01-22 23:06:05 =======
/home/hyliang/ENV/shareENV is syncing now
_pull /home/hyliang/ENV/serverENV
======= login_sync end    2019-01-22 23:06:05 =======
======= login_sync start  2019-01-22 23:08:17 =======
_pull /home/hyliang/ENV/shareENV
_pull /home/hyliang/ENV/serverENV
======= login_sync end    2019-01-22 23:08:17 =======
======= login_sync start  2019-01-22 23:16:36 =======
_pull /home/hyliang/ENV/shareENV
_pull /home/hyliang/ENV/serverENV
======= login_sync end    2019-01-22 23:16:36 =======
======= login_sync start  2019-01-22 23:18:27 =======
/home/hyliang/ENV/shareENV is syncing now
_pull /home/hyliang/ENV/serverENV
======= login_sync end    2019-01-22 23:18:27 =======
======= login_sync start  2019-01-22 23:56:08 =======
_pull /home/hyliang/ENV/shareENV
/home/hyliang/ENV/serverENV is syncing now
======= login_sync end    2019-01-22 23:56:08 =======
======= login_sync start  2019-01-22 23:56:32 =======
_pull /home/hyliang/ENV/shareENV
_pull /home/hyliang/ENV/serverENV
======= login_sync end    2019-01-22 23:56:32 =======
======= login_sync start  2019-01-23 00:00:31 =======
_pull /home/hyliang/ENV/shareENV
/home/hyliang/ENV/serverENV is syncing now
======= login_sync end    2019-01-23 00:00:31 =======
======= login_sync start  2019-01-23 00:37:05 =======
_pull /home/hyliang/ENV/shareENV
/home/hyliang/ENV/serverENV is syncing now
======= login_sync end    2019-01-23 00:37:05 =======
======= login_sync start  2019-01-23 00:38:42 =======
_pull /home/hyliang/ENV/shareENV
_pull /home/hyliang/ENV/serverENV
======= login_sync end    2019-01-23 00:38:42 =======
======= login_sync start  2019-01-23 00:42:15 =======
_pull /home/hyliang/ENV/shareENV
/home/hyliang/ENV/serverENV is syncing now
======= login_sync end    2019-01-23 00:42:15 =======
======= login_sync start  2019-01-23 00:47:50 =======
_pull /home/hyliang/ENV/shareENV
/home/hyliang/ENV/serverENV is syncing now
======= login_sync end    2019-01-23 00:47:50 =======
======= login_sync start  2019-01-23 00:51:55 =======
_pull /home/hyliang/ENV/shareENV
_pull /home/hyliang/ENV/serverENV
======= login_sync end    2019-01-23 00:51:55 =======
======= login_sync start  2019-01-23 13:38:34 =======
_pull /home/hyliang/ENV/shareENV
_pull /home/hyliang/ENV/serverENV
======= login_sync end    2019-01-23 13:38:34 =======
======= login_sync start  2019-01-23 13:49:30 =======
_pull /home/hyliang/ENV/shareENV
/home/hyliang/ENV/serverENV is syncing now
======= login_sync end    2019-01-23 13:49:30 =======
======= login_sync start  2019-01-23 14:03:19 =======
_pull /home/hyliang/ENV/shareENV
/home/hyliang/ENV/serverENV is syncing now
======= login_sync end    2019-01-23 14:03:19 =======
======= login_sync start  2019-01-23 14:47:12 =======
_pull /home/hyliang/ENV/shareENV
_pull /home/hyliang/ENV/serverENV
======= login_sync end    2019-01-23 14:47:12 =======
======= login_sync start  2019-01-23 14:47:50 =======
/home/hyliang/ENV/shareENV is syncing now
_pull /home/hyliang/ENV/serverENV
======= login_sync end    2019-01-23 14:47:50 =======
======= login_sync start  2019-01-23 14:48:15 =======
_pull /home/hyliang/ENV/shareENV
_pull /home/hyliang/ENV/serverENV
======= login_sync end    2019-01-23 14:48:15 =======
======= login_sync start  2019-01-23 15:05:27 =======
/home/hyliang/ENV/shareENV is syncing now
_pull /home/hyliang/ENV/serverENV
======= login_sync end    2019-01-23 15:05:27 =======
======= login_sync start  2019-01-23 15:05:47 =======
_pull /home/hyliang/ENV/shareENV
_pull /home/hyliang/ENV/serverENV
======= login_sync end    2019-01-23 15:05:47 =======
======= login_sync start  2019-01-23 15:09:12 =======
_pull /home/hyliang/ENV/shareENV
_pull /home/hyliang/ENV/serverENV
======= login_sync end    2019-01-23 15:09:12 =======
======= login_sync start  2019-01-23 15:18:42 =======
_pull /home/hyliang/ENV/shareENV
_pull /home/hyliang/ENV/serverENV
======= login_sync end    2019-01-23 15:18:42 =======
======= login_sync start  2019-01-23 15:37:42 =======
_pull /home/hyliang/ENV/shareENV
_pull /home/hyliang/ENV/serverENV
======= login_sync end    2019-01-23 15:37:42 =======
======= login_sync start  2019-01-23 15:39:13 =======
_pull /home/hyliang/ENV/shareENV
_pull /home/hyliang/ENV/serverENV
======= login_sync end    2019-01-23 15:39:13 =======
======= login_sync start  2019-01-23 16:05:02 =======
_pull /home/hyliang/ENV/shareENV
_pull /home/hyliang/ENV/serverENV
======= login_sync end    2019-01-23 16:05:02 =======
======= login_sync start  2019-01-23 16:06:16 =======
_pull /home/hyliang/ENV/shareENV
_pull /home/hyliang/ENV/serverENV
======= login_sync end    2019-01-23 16:06:16 =======
======= login_sync start  2019-01-23 16:18:03 =======
/home/hyliang/ENV/shareENV is syncing now
_pull /home/hyliang/ENV/serverENV
======= login_sync end    2019-01-23 16:18:03 =======
======= login_sync start  2019-01-23 16:19:24 =======
_pull /home/hyliang/ENV/shareENV
_pull /home/hyliang/ENV/serverENV
======= login_sync end    2019-01-23 16:19:24 =======
======= login_sync start  2019-01-23 16:25:23 =======
_pull /home/hyliang/ENV/shareENV
_pull /home/hyliang/ENV/serverENV
======= login_sync end    2019-01-23 16:25:23 =======
