======= logout_sync start 2019-01-22 13:14:59 =======
_push /home/hyliang/ENV/shareENV
_push /home/hyliang/ENV/serverENV
======= logout_sync end    2019-01-22 13:15:05 =======
======= logout_sync start 2019-01-22 13:16:56 =======
_push /home/hyliang/ENV/shareENV
_push /home/hyliang/ENV/serverENV
======= logout_sync end    2019-01-22 13:17:01 =======
======= logout_sync start 2019-01-22 13:17:24 =======
_push /home/hyliang/ENV/shareENV
_push /home/hyliang/ENV/serverENV
======= logout_sync end    2019-01-22 13:17:29 =======
======= logout_sync start 2019-01-22 16:26:51 =======
_push /home/hyliang/ENV/shareENV
_push /home/hyliang/ENV/serverENV
======= logout_sync end    2019-01-22 16:26:51 =======
======= logout_sync start 2019-01-22 16:46:46 =======
_push /home/hyliang/ENV/shareENV
_push /home/hyliang/ENV/serverENV
======= logout_sync end    2019-01-22 16:46:51 =======
======= logout_sync start 2019-01-22 16:48:32 =======
_push /home/hyliang/ENV/shareENV
_push /home/hyliang/ENV/serverENV
======= logout_sync end    2019-01-22 16:48:32 =======
======= logout_sync start 2019-01-22 16:55:08 =======
_push /home/hyliang/ENV/shareENV
_push /home/hyliang/ENV/serverENV
======= logout_sync end    2019-01-22 16:55:08 =======
======= logout_sync start 2019-01-22 16:55:49 =======
_push /home/hyliang/ENV/shareENV
_push /home/hyliang/ENV/serverENV
======= logout_sync end    2019-01-22 16:55:49 =======
======= logout_sync start 2019-01-22 16:56:02 =======
_push /home/hyliang/ENV/shareENV
_push /home/hyliang/ENV/serverENV
======= logout_sync end    2019-01-22 16:56:02 =======
======= logout_sync start 2019-01-22 16:57:39 =======
_push /home/hyliang/ENV/shareENV
_push /home/hyliang/ENV/serverENV
======= logout_sync end    2019-01-22 16:57:39 =======
======= logout_sync start 2019-01-22 17:08:12 =======
_push /home/hyliang/ENV/shareENV
_push /home/hyliang/ENV/serverENV
======= logout_sync end    2019-01-22 17:08:17 =======
======= logout_sync start 2019-01-22 17:33:11 =======
_push /home/hyliang/ENV/shareENV
_push /home/hyliang/ENV/serverENV
======= logout_sync end    2019-01-22 17:33:16 =======
======= logout_sync start 2019-01-22 17:36:52 =======
_push /home/hyliang/ENV/shareENV
_push /home/hyliang/ENV/serverENV
======= logout_sync end    2019-01-22 17:36:52 =======
======= logout_sync start 2019-01-22 17:41:09 =======
_push /home/hyliang/ENV/shareENV
_push /home/hyliang/ENV/serverENV
======= logout_sync end    2019-01-22 17:41:09 =======
======= logout_sync start 2019-01-22 17:45:45 =======
_push /home/hyliang/ENV/shareENV
_push /home/hyliang/ENV/serverENV
======= logout_sync end    2019-01-22 17:45:49 =======
======= logout_sync start 2019-01-22 17:56:39 =======
_push /home/hyliang/ENV/shareENV
_push /home/hyliang/ENV/serverENV
======= logout_sync end    2019-01-22 17:56:44 =======
======= logout_sync start 2019-01-22 19:04:57 =======
_push /home/hyliang/ENV/shareENV
_push /home/hyliang/ENV/serverENV
======= logout_sync end    2019-01-22 19:04:57 =======
======= logout_sync start 2019-01-22 19:07:13 =======
_push /home/hyliang/ENV/shareENV
_push /home/hyliang/ENV/serverENV
======= logout_sync end    2019-01-22 19:07:13 =======
======= logout_sync start 2019-01-22 19:08:58 =======
_push /home/hyliang/ENV/shareENV
_push /home/hyliang/ENV/serverENV
======= logout_sync end    2019-01-22 19:08:58 =======
======= logout_sync start 2019-01-22 19:11:19 =======
_push /home/hyliang/ENV/shareENV
_push /home/hyliang/ENV/serverENV
======= logout_sync end    2019-01-22 19:11:19 =======
======= logout_sync start 2019-01-22 19:42:42 =======
_push /home/hyliang/ENV/shareENV
_push /home/hyliang/ENV/serverENV
======= logout_sync end    2019-01-22 19:42:47 =======
======= logout_sync start 2019-01-22 19:51:51 =======
_push /home/hyliang/ENV/shareENV
_push /home/hyliang/ENV/serverENV
======= logout_sync end    2019-01-22 19:51:56 =======
======= logout_sync start 2019-01-22 20:01:42 =======
_push /home/hyliang/ENV/shareENV
_push /home/hyliang/ENV/serverENV
======= logout_sync end    2019-01-22 20:01:52 =======
======= logout_sync start 2019-01-22 20:14:10 =======
_push /home/hyliang/ENV/shareENV
_push /home/hyliang/ENV/serverENV
======= logout_sync end    2019-01-22 20:14:14 =======
======= logout_sync start 2019-01-22 20:18:37 =======
_push /home/hyliang/ENV/shareENV
_push /home/hyliang/ENV/serverENV
======= logout_sync end    2019-01-22 20:18:47 =======
======= logout_sync start 2019-01-22 20:59:05 =======
_push /home/hyliang/ENV/shareENV
_push /home/hyliang/ENV/serverENV
======= logout_sync end    2019-01-22 20:59:10 =======
======= logout_sync start 2019-01-22 21:01:58 =======
_push /home/hyliang/ENV/shareENV
_push /home/hyliang/ENV/serverENV
======= logout_sync end    2019-01-22 21:02:04 =======
======= logout_sync start 2019-01-22 21:02:52 =======
_push /home/hyliang/ENV/shareENV
_push /home/hyliang/ENV/serverENV
======= logout_sync end    2019-01-22 21:02:52 =======
======= logout_sync start 2019-01-22 21:09:01 =======
_push /home/hyliang/ENV/shareENV
_push /home/hyliang/ENV/serverENV
======= logout_sync end    2019-01-22 21:09:05 =======
======= logout_sync start 2019-01-22 21:13:15 =======
_push /home/hyliang/ENV/shareENV
_push /home/hyliang/ENV/serverENV
======= logout_sync end    2019-01-22 21:13:19 =======
======= logout_sync start 2019-01-22 21:16:41 =======
_push /home/hyliang/ENV/shareENV
_push /home/hyliang/ENV/serverENV
======= logout_sync end    2019-01-22 21:16:46 =======
======= logout_sync start 2019-01-22 21:21:43 =======
_push /home/hyliang/ENV/shareENV
_push /home/hyliang/ENV/serverENV
======= logout_sync end    2019-01-22 21:21:48 =======
======= logout_sync start 2019-01-22 21:40:09 =======
_push /home/hyliang/ENV/shareENV
_push /home/hyliang/ENV/serverENV
======= logout_sync end    2019-01-22 21:40:14 =======
======= logout_sync start 2019-01-22 21:46:20 =======
_push /home/hyliang/ENV/shareENV
_push /home/hyliang/ENV/serverENV
======= logout_sync end    2019-01-22 21:46:24 =======
======= logout_sync start 2019-01-22 21:52:21 =======
_push /home/hyliang/ENV/shareENV
_push /home/hyliang/ENV/serverENV
======= logout_sync end    2019-01-22 21:52:26 =======
======= logout_sync start 2019-01-22 22:18:43 =======
_push /home/hyliang/ENV/shareENV
_push /home/hyliang/ENV/serverENV
======= logout_sync end    2019-01-22 22:18:48 =======
======= logout_sync start 2019-01-22 22:52:08 =======
_push /home/hyliang/ENV/shareENV
_push /home/hyliang/ENV/serverENV
======= logout_sync end    2019-01-22 22:52:14 =======
======= logout_sync start 2019-01-22 22:58:20 =======
_push /home/hyliang/ENV/shareENV
_push /home/hyliang/ENV/serverENV
======= logout_sync end    2019-01-22 22:58:25 =======
======= logout_sync start 2019-01-22 23:00:26 =======
_push /home/hyliang/ENV/shareENV
_push /home/hyliang/ENV/serverENV
======= logout_sync end    2019-01-22 23:00:26 =======
======= logout_sync start 2019-01-22 23:06:01 =======
_push /home/hyliang/ENV/shareENV
_push /home/hyliang/ENV/serverENV
======= logout_sync end    2019-01-22 23:06:09 =======
======= logout_sync start 2019-01-22 23:07:12 =======
_push /home/hyliang/ENV/shareENV
_push /home/hyliang/ENV/serverENV
======= logout_sync end    2019-01-22 23:07:12 =======
======= logout_sync start 2019-01-22 23:09:17 =======
_push /home/hyliang/ENV/shareENV
_push /home/hyliang/ENV/serverENV
======= logout_sync end    2019-01-22 23:09:22 =======
======= logout_sync start 2019-01-22 23:18:24 =======
_push /home/hyliang/ENV/shareENV
_push /home/hyliang/ENV/serverENV
======= logout_sync end    2019-01-22 23:18:29 =======
======= logout_sync start 2019-01-22 23:56:03 =======
_push /home/hyliang/ENV/shareENV
_push /home/hyliang/ENV/serverENV
======= logout_sync end    2019-01-22 23:56:08 =======
======= logout_sync start 2019-01-22 23:56:27 =======
_push /home/hyliang/ENV/shareENV
_push /home/hyliang/ENV/serverENV
======= logout_sync end    2019-01-22 23:56:27 =======
======= logout_sync start 2019-01-23 00:00:26 =======
_push /home/hyliang/ENV/shareENV
_push /home/hyliang/ENV/serverENV
======= logout_sync end    2019-01-23 00:00:31 =======
======= logout_sync start 2019-01-23 00:37:01 =======
_push /home/hyliang/ENV/shareENV
_push /home/hyliang/ENV/serverENV
======= logout_sync end    2019-01-23 00:37:06 =======
======= logout_sync start 2019-01-23 00:38:39 =======
_push /home/hyliang/ENV/shareENV
_push /home/hyliang/ENV/serverENV
======= logout_sync end    2019-01-23 00:38:39 =======
======= logout_sync start 2019-01-23 00:42:11 =======
_push /home/hyliang/ENV/shareENV
_push /home/hyliang/ENV/serverENV
======= logout_sync end    2019-01-23 00:42:16 =======
======= logout_sync start 2019-01-23 00:47:47 =======
_push /home/hyliang/ENV/shareENV
_push /home/hyliang/ENV/serverENV
======= logout_sync end    2019-01-23 00:47:53 =======
======= logout_sync start 2019-01-23 00:51:04 =======
_push /home/hyliang/ENV/shareENV
_push /home/hyliang/ENV/serverENV
======= logout_sync end    2019-01-23 00:51:04 =======
======= logout_sync start 2019-01-23 13:49:25 =======
_push /home/hyliang/ENV/shareENV
_push /home/hyliang/ENV/serverENV
======= logout_sync end    2019-01-23 13:49:30 =======
======= logout_sync start 2019-01-23 14:03:14 =======
_push /home/hyliang/ENV/shareENV
_push /home/hyliang/ENV/serverENV
======= logout_sync end    2019-01-23 14:03:19 =======
======= logout_sync start 2019-01-23 14:44:13 =======
_push /home/hyliang/ENV/shareENV
_push /home/hyliang/ENV/serverENV
======= logout_sync end    2019-01-23 14:44:18 =======
======= logout_sync start 2019-01-23 14:47:48 =======
_push /home/hyliang/ENV/shareENV
_push /home/hyliang/ENV/serverENV
======= logout_sync end    2019-01-23 14:47:52 =======
======= logout_sync start 2019-01-23 14:48:07 =======
_push /home/hyliang/ENV/shareENV
_push /home/hyliang/ENV/serverENV
======= logout_sync end    2019-01-23 14:48:07 =======
======= logout_sync start 2019-01-23 15:05:24 =======
_push /home/hyliang/ENV/shareENV
_push /home/hyliang/ENV/serverENV
======= logout_sync end    2019-01-23 15:05:28 =======
======= logout_sync start 2019-01-23 15:05:44 =======
_push /home/hyliang/ENV/shareENV
_push /home/hyliang/ENV/serverENV
======= logout_sync end    2019-01-23 15:05:44 =======
======= logout_sync start 2019-01-23 15:09:14 =======
_push /home/hyliang/ENV/shareENV
git:2: maximum nested function level reached
_push /home/hyliang/ENV/serverENV
git:2: maximum nested function level reached
======= logout_sync end    2019-01-23 15:09:14 =======
======= logout_sync start 2019-01-23 15:31:35 =======
_push /home/hyliang/ENV/shareENV
git:2: maximum nested function level reached
_push /home/hyliang/ENV/serverENV
git:2: maximum nested function level reached
======= logout_sync end    2019-01-23 15:31:35 =======
======= logout_sync start 2019-01-23 15:39:09 =======
_push /home/hyliang/ENV/shareENV
git:2: maximum nested function level reached
_push /home/hyliang/ENV/serverENV
git:2: maximum nested function level reached
======= logout_sync end    2019-01-23 15:39:09 =======
======= logout_sync start 2019-01-23 15:43:48 =======
_push /home/hyliang/ENV/shareENV
git:2: maximum nested function level reached
_push /home/hyliang/ENV/serverENV
git:2: maximum nested function level reached
======= logout_sync end    2019-01-23 15:43:48 =======
======= logout_sync start 2019-01-23 16:04:58 =======
_push /home/hyliang/ENV/shareENV
git:2: maximum nested function level reached
_push /home/hyliang/ENV/serverENV
git:2: maximum nested function level reached
======= logout_sync end    2019-01-23 16:04:58 =======
======= logout_sync start 2019-01-23 16:06:13 =======
_push /home/hyliang/ENV/shareENV
git:2: maximum nested function level reached
_push /home/hyliang/ENV/serverENV
git:2: maximum nested function level reached
======= logout_sync end    2019-01-23 16:06:13 =======
======= logout_sync start 2019-01-23 16:17:59 =======
_push /home/hyliang/ENV/shareENV
_push /home/hyliang/ENV/serverENV
======= logout_sync end    2019-01-23 16:18:05 =======
======= logout_sync start 2019-01-23 16:19:21 =======
_push /home/hyliang/ENV/shareENV
_push /home/hyliang/ENV/serverENV
======= logout_sync end    2019-01-23 16:19:21 =======
======= logout_sync start 2019-01-23 16:25:19 =======
_push /home/hyliang/ENV/shareENV
_push /home/hyliang/ENV/serverENV
======= logout_sync end    2019-01-23 16:25:19 =======
======= logout_sync start 2019-01-23 16:37:18 =======
_push /home/hyliang/ENV/shareENV
_push /home/hyliang/ENV/serverENV
======= logout_sync end    2019-01-23 16:37:23 =======
======= logout_sync start 2019-01-23 16:45:07 =======
_push /home/hyliang/ENV/shareENV
_push /home/hyliang/ENV/serverENV
======= logout_sync end    2019-01-23 16:45:11 =======
