[WRN][1551172213.7784674168] /home/hyliang/ENV/CONF/.local/bin/antigen.zsh:266
[WRN][1551172213.7784674168] -antigen-interactive-mode: filecode:file:file:shfunc:shfunc $_ANTIGEN_INTERACTIVE = 
[WRN][1551172213.7787432671] /home/hyliang/ENV/CONF/.local/bin/antigen.zsh:1572
[WRN][1551172213.7787432671] -antigen-lock-init return code was 0
[LOG][1551172213.7787892818] /home/hyliang/ENV/CONF/.local/bin/antigen.zsh:1574
[LOG][1551172213.7787892818] LOADED EXTENSION lock EXT
[WRN][1551172213.7934970856] /home/hyliang/ENV/CONF/.local/bin/antigen.zsh:1684
[WRN][1551172213.7934970856] Init parallel extension PARALLEL
[WRN][1551172213.7935900688] /home/hyliang/ENV/CONF/.local/bin/antigen.zsh:266
[WRN][1551172213.7935900688] -antigen-interactive-mode: filecode:file:file:shfunc:shfunc:shfunc:eval:shfunc:shfunc $_ANTIGEN_INTERACTIVE = 
[WRN][1551172213.7936625481] /home/hyliang/ENV/CONF/.local/bin/antigen.zsh:1572
[WRN][1551172213.7936625481] -antigen-parallel-init return code was 0
[LOG][1551172213.7937026024] /home/hyliang/ENV/CONF/.local/bin/antigen.zsh:1574
[LOG][1551172213.7937026024] LOADED EXTENSION parallel EXT
[WRN][1551172213.7937388420] /home/hyliang/ENV/CONF/.local/bin/antigen.zsh:1692
[WRN][1551172213.7937388420] Exec parallel extension PARALLEL
[WRN][1551172213.7939875126] /home/hyliang/ENV/CONF/.local/bin/antigen.zsh:266
[WRN][1551172213.7939875126] -antigen-interactive-mode: filecode:file:file:shfunc:shfunc:shfunc:eval:shfunc:shfunc $_ANTIGEN_INTERACTIVE = 
[WRN][1551172213.7940666676] /home/hyliang/ENV/CONF/.local/bin/antigen.zsh:1572
[WRN][1551172213.7940666676] -antigen-defer-init return code was 0
[LOG][1551172213.7941043377] /home/hyliang/ENV/CONF/.local/bin/antigen.zsh:1574
[LOG][1551172213.7941043377] LOADED EXTENSION defer EXT
[WRN][1551172213.8016924858] /home/hyliang/ENV/CONF/.local/bin/antigen.zsh:266
[WRN][1551172213.8016924858] -antigen-interactive-mode: filecode:file:file:shfunc:shfunc:shfunc:eval:shfunc:shfunc $_ANTIGEN_INTERACTIVE = 
[WRN][1551172213.8019120693] /home/hyliang/ENV/CONF/.local/bin/antigen.zsh:1572
[WRN][1551172213.8019120693] -antigen-cache-init return code was 0
[LOG][1551172213.8019587994] /home/hyliang/ENV/CONF/.local/bin/antigen.zsh:1574
[LOG][1551172213.8019587994] LOADED EXTENSION cache EXT
[WRN][1551172213.8177199364] /home/hyliang/ENV/CONF/.local/bin/antigen.zsh:1469
[WRN][1551172213.8177199364] Updated meta: target antigen mode once type pre called 1
[WRN][1551172213.8178076744] /home/hyliang/ENV/CONF/.local/bin/antigen.zsh:1484
[WRN][1551172213.8178076744] Processing hooks: antigen-lock
[WRN][1551172213.8178470135] /home/hyliang/ENV/CONF/.local/bin/antigen.zsh:1487
[WRN][1551172213.8178470135] Pre hook: antigen-lock use oh-my-zsh
[LOG][1551172213.8178851604] /home/hyliang/ENV/CONF/.local/bin/antigen.zsh:4
[LOG][1551172213.8178851604] antigen-lock called
[WRN][1551172213.8179280758] /home/hyliang/ENV/CONF/.local/bin/antigen.zsh:15
[WRN][1551172213.8179280758] Creating antigen-lock file at /home/hyliang/ENV/CONF/.antigen/.lock
[WRN][1551172213.8259148598] /home/hyliang/ENV/CONF/.local/bin/antigen.zsh:1505
[WRN][1551172213.8259148598] -antigen-hook-antigen use oh-my-zsh
[WRN][1551172213.8460450172] /home/hyliang/ENV/CONF/.local/bin/antigen.zsh:1469
[WRN][1551172213.8460450172] Updated meta: target antigen-bundle mode repeat type replace called 1
[WRN][1551172213.8461954594] /home/hyliang/ENV/CONF/.local/bin/antigen.zsh:1469
[WRN][1551172213.8461954594] Updated meta: target antigen-bundle mode repeat type pre called 1
[WRN][1551172213.8462605476] /home/hyliang/ENV/CONF/.local/bin/antigen.zsh:1484
[WRN][1551172213.8462605476] Processing hooks: antigen-bundle-defer antigen-bundle-cached
[WRN][1551172213.8463032246] /home/hyliang/ENV/CONF/.local/bin/antigen.zsh:1487
[WRN][1551172213.8463032246] Pre hook: antigen-bundle-cached --loc=lib
[WRN][1551172213.8463785648] /home/hyliang/ENV/CONF/.local/bin/antigen.zsh:1498
[WRN][1551172213.8463785648] Replace hook: antigen-bundle-defer --loc=lib
[WRN][1551172213.8464422226] /home/hyliang/ENV/CONF/.local/bin/antigen.zsh:1500
[WRN][1551172213.8464422226] antigen-bundle-defer shortcircuited
[LOG][1551172213.8465480804] /home/hyliang/ENV/CONF/.local/bin/antigen.zsh:1518
[LOG][1551172213.8465480804] Return from hook antigen with 0
[WRN][1551172213.8708519936] /home/hyliang/ENV/CONF/.local/bin/antigen.zsh:1462
[WRN][1551172213.8708519936] Ignoring hook due to mode once: antigen-lock
[WRN][1551172213.8709340096] /home/hyliang/ENV/CONF/.local/bin/antigen.zsh:1484
[WRN][1551172213.8709340096] Processing hooks: antigen-lock
[WRN][1551172213.8709828854] /home/hyliang/ENV/CONF/.local/bin/antigen.zsh:1505
[WRN][1551172213.8709828854] -antigen-hook-antigen bundle pip
[WRN][1551172213.8711278439] /home/hyliang/ENV/CONF/.local/bin/antigen.zsh:1469
[WRN][1551172213.8711278439] Updated meta: target antigen-bundle mode repeat type replace called 2
[WRN][1551172213.8712122440] /home/hyliang/ENV/CONF/.local/bin/antigen.zsh:1469
[WRN][1551172213.8712122440] Updated meta: target antigen-bundle mode repeat type pre called 2
[WRN][1551172213.8712584972] /home/hyliang/ENV/CONF/.local/bin/antigen.zsh:1484
[WRN][1551172213.8712584972] Processing hooks: antigen-bundle-defer antigen-bundle-cached
[WRN][1551172213.8712968826] /home/hyliang/ENV/CONF/.local/bin/antigen.zsh:1487
[WRN][1551172213.8712968826] Pre hook: antigen-bundle-cached pip
[WRN][1551172213.8713631630] /home/hyliang/ENV/CONF/.local/bin/antigen.zsh:1498
[WRN][1551172213.8713631630] Replace hook: antigen-bundle-defer pip
[WRN][1551172213.8714129925] /home/hyliang/ENV/CONF/.local/bin/antigen.zsh:1500
[WRN][1551172213.8714129925] antigen-bundle-defer shortcircuited
[LOG][1551172213.8714749813] /home/hyliang/ENV/CONF/.local/bin/antigen.zsh:1518
[LOG][1551172213.8714749813] Return from hook antigen with 0
[WRN][1551172213.8715951443] /home/hyliang/ENV/CONF/.local/bin/antigen.zsh:1462
[WRN][1551172213.8715951443] Ignoring hook due to mode once: antigen-lock
[WRN][1551172213.8716313839] /home/hyliang/ENV/CONF/.local/bin/antigen.zsh:1484
[WRN][1551172213.8716313839] Processing hooks: antigen-lock
[WRN][1551172213.8716740608] /home/hyliang/ENV/CONF/.local/bin/antigen.zsh:1505
[WRN][1551172213.8716740608] -antigen-hook-antigen bundle svn-fast-info
[WRN][1551172213.8718113899] /home/hyliang/ENV/CONF/.local/bin/antigen.zsh:1469
[WRN][1551172213.8718113899] Updated meta: target antigen-bundle mode repeat type replace called 3
[WRN][1551172213.8719081879] /home/hyliang/ENV/CONF/.local/bin/antigen.zsh:1469
[WRN][1551172213.8719081879] Updated meta: target antigen-bundle mode repeat type pre called 3
[WRN][1551172213.8719537258] /home/hyliang/ENV/CONF/.local/bin/antigen.zsh:1484
[WRN][1551172213.8719537258] Processing hooks: antigen-bundle-defer antigen-bundle-cached
[WRN][1551172213.8719899654] /home/hyliang/ENV/CONF/.local/bin/antigen.zsh:1487
[WRN][1551172213.8719899654] Pre hook: antigen-bundle-cached svn-fast-info
[WRN][1551172213.8720524311] /home/hyliang/ENV/CONF/.local/bin/antigen.zsh:1498
[WRN][1551172213.8720524311] Replace hook: antigen-bundle-defer svn-fast-info
[WRN][1551172213.8721001148] /home/hyliang/ENV/CONF/.local/bin/antigen.zsh:1500
[WRN][1551172213.8721001148] antigen-bundle-defer shortcircuited
[LOG][1551172213.8721590042] /home/hyliang/ENV/CONF/.local/bin/antigen.zsh:1518
[LOG][1551172213.8721590042] Return from hook antigen with 0
[WRN][1551172213.8722915649] /home/hyliang/ENV/CONF/.local/bin/antigen.zsh:1462
[WRN][1551172213.8722915649] Ignoring hook due to mode once: antigen-lock
[WRN][1551172213.8723268509] /home/hyliang/ENV/CONF/.local/bin/antigen.zsh:1484
[WRN][1551172213.8723268509] Processing hooks: antigen-lock
[WRN][1551172213.8723697662] /home/hyliang/ENV/CONF/.local/bin/antigen.zsh:1505
[WRN][1551172213.8723697662] -antigen-hook-antigen bundle colorize
[WRN][1551172213.8724958897] /home/hyliang/ENV/CONF/.local/bin/antigen.zsh:1469
[WRN][1551172213.8724958897] Updated meta: target antigen-bundle mode repeat type replace called 4
[WRN][1551172213.8725738525] /home/hyliang/ENV/CONF/.local/bin/antigen.zsh:1469
[WRN][1551172213.8725738525] Updated meta: target antigen-bundle mode repeat type pre called 4
[WRN][1551172213.8726186752] /home/hyliang/ENV/CONF/.local/bin/antigen.zsh:1484
[WRN][1551172213.8726186752] Processing hooks: antigen-bundle-defer antigen-bundle-cached
[WRN][1551172213.8726623058] /home/hyliang/ENV/CONF/.local/bin/antigen.zsh:1487
[WRN][1551172213.8726623058] Pre hook: antigen-bundle-cached colorize
[WRN][1551172213.8727245331] /home/hyliang/ENV/CONF/.local/bin/antigen.zsh:1498
[WRN][1551172213.8727245331] Replace hook: antigen-bundle-defer colorize
[WRN][1551172213.8727715015] /home/hyliang/ENV/CONF/.local/bin/antigen.zsh:1500
[WRN][1551172213.8727715015] antigen-bundle-defer shortcircuited
[LOG][1551172213.8728299141] /home/hyliang/ENV/CONF/.local/bin/antigen.zsh:1518
[LOG][1551172213.8728299141] Return from hook antigen with 0
[WRN][1551172213.8729615211] /home/hyliang/ENV/CONF/.local/bin/antigen.zsh:1462
[WRN][1551172213.8729615211] Ignoring hook due to mode once: antigen-lock
[WRN][1551172213.8729979992] /home/hyliang/ENV/CONF/.local/bin/antigen.zsh:1484
[WRN][1551172213.8729979992] Processing hooks: antigen-lock
[WRN][1551172213.8730399609] /home/hyliang/ENV/CONF/.local/bin/antigen.zsh:1505
[WRN][1551172213.8730399609] -antigen-hook-antigen bundle github
[WRN][1551172213.8731651306] /home/hyliang/ENV/CONF/.local/bin/antigen.zsh:1469
[WRN][1551172213.8731651306] Updated meta: target antigen-bundle mode repeat type replace called 5
[WRN][1551172213.8732423782] /home/hyliang/ENV/CONF/.local/bin/antigen.zsh:1469
[WRN][1551172213.8732423782] Updated meta: target antigen-bundle mode repeat type pre called 5
[WRN][1551172213.8732872009] /home/hyliang/ENV/CONF/.local/bin/antigen.zsh:1484
[WRN][1551172213.8732872009] Processing hooks: antigen-bundle-defer antigen-bundle-cached
[WRN][1551172213.8733229637] /home/hyliang/ENV/CONF/.local/bin/antigen.zsh:1487
[WRN][1551172213.8733229637] Pre hook: antigen-bundle-cached github
[WRN][1551172213.8733837605] /home/hyliang/ENV/CONF/.local/bin/antigen.zsh:1498
[WRN][1551172213.8733837605] Replace hook: antigen-bundle-defer github
[WRN][1551172213.8734304905] /home/hyliang/ENV/CONF/.local/bin/antigen.zsh:1500
[WRN][1551172213.8734304905] antigen-bundle-defer shortcircuited
[LOG][1551172213.8734889030] /home/hyliang/ENV/CONF/.local/bin/antigen.zsh:1518
[LOG][1551172213.8734889030] Return from hook antigen with 0
[WRN][1551172213.8736026287] /home/hyliang/ENV/CONF/.local/bin/antigen.zsh:1462
[WRN][1551172213.8736026287] Ignoring hook due to mode once: antigen-lock
[WRN][1551172213.8736374378] /home/hyliang/ENV/CONF/.local/bin/antigen.zsh:1484
[WRN][1551172213.8736374378] Processing hooks: antigen-lock
[WRN][1551172213.8736793995] /home/hyliang/ENV/CONF/.local/bin/antigen.zsh:1505
[WRN][1551172213.8736793995] -antigen-hook-antigen bundle python
[WRN][1551172213.8738043308] /home/hyliang/ENV/CONF/.local/bin/antigen.zsh:1469
[WRN][1551172213.8738043308] Updated meta: target antigen-bundle mode repeat type replace called 6
[WRN][1551172213.8738822937] /home/hyliang/ENV/CONF/.local/bin/antigen.zsh:1469
[WRN][1551172213.8738822937] Updated meta: target antigen-bundle mode repeat type pre called 6
[WRN][1551172213.8739266396] /home/hyliang/ENV/CONF/.local/bin/antigen.zsh:1484
[WRN][1551172213.8739266396] Processing hooks: antigen-bundle-defer antigen-bundle-cached
[WRN][1551172213.8739616871] /home/hyliang/ENV/CONF/.local/bin/antigen.zsh:1487
[WRN][1551172213.8739616871] Pre hook: antigen-bundle-cached python
[WRN][1551172213.8740313053] /home/hyliang/ENV/CONF/.local/bin/antigen.zsh:1498
[WRN][1551172213.8740313053] Replace hook: antigen-bundle-defer python
[WRN][1551172213.8740785122] /home/hyliang/ENV/CONF/.local/bin/antigen.zsh:1500
[WRN][1551172213.8740785122] antigen-bundle-defer shortcircuited
[LOG][1551172213.8741376400] /home/hyliang/ENV/CONF/.local/bin/antigen.zsh:1518
[LOG][1551172213.8741376400] Return from hook antigen with 0
[WRN][1551172213.8742547035] /home/hyliang/ENV/CONF/.local/bin/antigen.zsh:1462
[WRN][1551172213.8742547035] Ignoring hook due to mode once: antigen-lock
[WRN][1551172213.8742902279] /home/hyliang/ENV/CONF/.local/bin/antigen.zsh:1484
[WRN][1551172213.8742902279] Processing hooks: antigen-lock
[WRN][1551172213.8743367195] /home/hyliang/ENV/CONF/.local/bin/antigen.zsh:1505
[WRN][1551172213.8743367195] -antigen-hook-antigen bundle rupa/z z.sh
[WRN][1551172213.8744645119] /home/hyliang/ENV/CONF/.local/bin/antigen.zsh:1469
[WRN][1551172213.8744645119] Updated meta: target antigen-bundle mode repeat type replace called 7
[WRN][1551172213.8745419979] /home/hyliang/ENV/CONF/.local/bin/antigen.zsh:1469
[WRN][1551172213.8745419979] Updated meta: target antigen-bundle mode repeat type pre called 7
[WRN][1551172213.8745856285] /home/hyliang/ENV/CONF/.local/bin/antigen.zsh:1484
[WRN][1551172213.8745856285] Processing hooks: antigen-bundle-defer antigen-bundle-cached
[WRN][1551172213.8746213913] /home/hyliang/ENV/CONF/.local/bin/antigen.zsh:1487
[WRN][1551172213.8746213913] Pre hook: antigen-bundle-cached rupa/z z.sh
[WRN][1551172213.8746831417] /home/hyliang/ENV/CONF/.local/bin/antigen.zsh:1498
[WRN][1551172213.8746831417] Replace hook: antigen-bundle-defer rupa/z z.sh
[WRN][1551172213.8747305870] /home/hyliang/ENV/CONF/.local/bin/antigen.zsh:1500
[WRN][1551172213.8747305870] antigen-bundle-defer shortcircuited
[LOG][1551172213.8747887611] /home/hyliang/ENV/CONF/.local/bin/antigen.zsh:1518
[LOG][1551172213.8747887611] Return from hook antigen with 0
[WRN][1551172213.8749434948] /home/hyliang/ENV/CONF/.local/bin/antigen.zsh:1462
[WRN][1551172213.8749434948] Ignoring hook due to mode once: antigen-lock
[WRN][1551172213.8749830723] /home/hyliang/ENV/CONF/.local/bin/antigen.zsh:1484
[WRN][1551172213.8749830723] Processing hooks: antigen-lock
[WRN][1551172213.8750252724] /home/hyliang/ENV/CONF/.local/bin/antigen.zsh:1505
[WRN][1551172213.8750252724] -antigen-hook-antigen bundle zsh-users/zsh-autosuggestions
[WRN][1551172213.8751518726] /home/hyliang/ENV/CONF/.local/bin/antigen.zsh:1469
[WRN][1551172213.8751518726] Updated meta: target antigen-bundle mode repeat type replace called 8
[WRN][1551172213.8752293587] /home/hyliang/ENV/CONF/.local/bin/antigen.zsh:1469
[WRN][1551172213.8752293587] Updated meta: target antigen-bundle mode repeat type pre called 8
[WRN][1551172213.8752744198] /home/hyliang/ENV/CONF/.local/bin/antigen.zsh:1484
[WRN][1551172213.8752744198] Processing hooks: antigen-bundle-defer antigen-bundle-cached
[WRN][1551172213.8753106594] /home/hyliang/ENV/CONF/.local/bin/antigen.zsh:1487
[WRN][1551172213.8753106594] Pre hook: antigen-bundle-cached zsh-users/zsh-autosuggestions
[WRN][1551172213.8753738403] /home/hyliang/ENV/CONF/.local/bin/antigen.zsh:1498
[WRN][1551172213.8753738403] Replace hook: antigen-bundle-defer zsh-users/zsh-autosuggestions
[WRN][1551172213.8754210472] /home/hyliang/ENV/CONF/.local/bin/antigen.zsh:1500
[WRN][1551172213.8754210472] antigen-bundle-defer shortcircuited
[LOG][1551172213.8754794598] /home/hyliang/ENV/CONF/.local/bin/antigen.zsh:1518
[LOG][1551172213.8754794598] Return from hook antigen with 0
[WRN][1551172213.8756012917] /home/hyliang/ENV/CONF/.local/bin/antigen.zsh:1462
[WRN][1551172213.8756012917] Ignoring hook due to mode once: antigen-lock
[WRN][1551172213.8756361008] /home/hyliang/ENV/CONF/.local/bin/antigen.zsh:1484
[WRN][1551172213.8756361008] Processing hooks: antigen-lock
[WRN][1551172213.8756790161] /home/hyliang/ENV/CONF/.local/bin/antigen.zsh:1505
[WRN][1551172213.8756790161] -antigen-hook-antigen bundle zsh-users/zsh-completions
[WRN][1551172213.8758041859] /home/hyliang/ENV/CONF/.local/bin/antigen.zsh:1469
[WRN][1551172213.8758041859] Updated meta: target antigen-bundle mode repeat type replace called 9
[WRN][1551172213.8758819103] /home/hyliang/ENV/CONF/.local/bin/antigen.zsh:1469
[WRN][1551172213.8758819103] Updated meta: target antigen-bundle mode repeat type pre called 9
[WRN][1551172213.8759257793] /home/hyliang/ENV/CONF/.local/bin/antigen.zsh:1484
[WRN][1551172213.8759257793] Processing hooks: antigen-bundle-defer antigen-bundle-cached
[WRN][1551172213.8759613037] /home/hyliang/ENV/CONF/.local/bin/antigen.zsh:1487
[WRN][1551172213.8759613037] Pre hook: antigen-bundle-cached zsh-users/zsh-completions
[WRN][1551172213.8760235310] /home/hyliang/ENV/CONF/.local/bin/antigen.zsh:1498
[WRN][1551172213.8760235310] Replace hook: antigen-bundle-defer zsh-users/zsh-completions
[WRN][1551172213.8760759830] /home/hyliang/ENV/CONF/.local/bin/antigen.zsh:1500
[WRN][1551172213.8760759830] antigen-bundle-defer shortcircuited
[LOG][1551172213.8761351109] /home/hyliang/ENV/CONF/.local/bin/antigen.zsh:1518
[LOG][1551172213.8761351109] Return from hook antigen with 0
[WRN][1551172213.8762648106] /home/hyliang/ENV/CONF/.local/bin/antigen.zsh:1462
[WRN][1551172213.8762648106] Ignoring hook due to mode once: antigen-lock
[WRN][1551172213.8763000965] /home/hyliang/ENV/CONF/.local/bin/antigen.zsh:1484
[WRN][1551172213.8763000965] Processing hooks: antigen-lock
[WRN][1551172213.8763422966] /home/hyliang/ENV/CONF/.local/bin/antigen.zsh:1505
[WRN][1551172213.8763422966] -antigen-hook-antigen bundle Vifon/deer
[WRN][1551172213.8764681816] /home/hyliang/ENV/CONF/.local/bin/antigen.zsh:1469
[WRN][1551172213.8764681816] Updated meta: target antigen-bundle mode repeat type replace called 10
[WRN][1551172213.8765463829] /home/hyliang/ENV/CONF/.local/bin/antigen.zsh:1469
[WRN][1551172213.8765463829] Updated meta: target antigen-bundle mode repeat type pre called 10
[WRN][1551172213.8765902519] /home/hyliang/ENV/CONF/.local/bin/antigen.zsh:1484
[WRN][1551172213.8765902519] Processing hooks: antigen-bundle-defer antigen-bundle-cached
[WRN][1551172213.8766262531] /home/hyliang/ENV/CONF/.local/bin/antigen.zsh:1487
[WRN][1551172213.8766262531] Pre hook: antigen-bundle-cached Vifon/deer
[WRN][1551172213.8766877651] /home/hyliang/ENV/CONF/.local/bin/antigen.zsh:1498
[WRN][1551172213.8766877651] Replace hook: antigen-bundle-defer Vifon/deer
[WRN][1551172213.8767349720] /home/hyliang/ENV/CONF/.local/bin/antigen.zsh:1500
[WRN][1551172213.8767349720] antigen-bundle-defer shortcircuited
[LOG][1551172213.8767933846] /home/hyliang/ENV/CONF/.local/bin/antigen.zsh:1518
[LOG][1551172213.8767933846] Return from hook antigen with 0
[WRN][1551172213.8769505024] /home/hyliang/ENV/CONF/.local/bin/antigen.zsh:1462
[WRN][1551172213.8769505024] Ignoring hook due to mode once: antigen-lock
[WRN][1551172213.8769886494] /home/hyliang/ENV/CONF/.local/bin/antigen.zsh:1484
[WRN][1551172213.8769886494] Processing hooks: antigen-lock
[WRN][1551172213.8770313263] /home/hyliang/ENV/CONF/.local/bin/antigen.zsh:1505
[WRN][1551172213.8770313263] -antigen-hook-antigen bundle willghatch/zsh-cdr
[WRN][1551172213.8771576881] /home/hyliang/ENV/CONF/.local/bin/antigen.zsh:1469
[WRN][1551172213.8771576881] Updated meta: target antigen-bundle mode repeat type replace called 11
[WRN][1551172213.8772361279] /home/hyliang/ENV/CONF/.local/bin/antigen.zsh:1469
[WRN][1551172213.8772361279] Updated meta: target antigen-bundle mode repeat type pre called 11
[WRN][1551172213.8772807121] /home/hyliang/ENV/CONF/.local/bin/antigen.zsh:1484
[WRN][1551172213.8772807121] Processing hooks: antigen-bundle-defer antigen-bundle-cached
[WRN][1551172213.8773169518] /home/hyliang/ENV/CONF/.local/bin/antigen.zsh:1487
[WRN][1551172213.8773169518] Pre hook: antigen-bundle-cached willghatch/zsh-cdr
[WRN][1551172213.8773798943] /home/hyliang/ENV/CONF/.local/bin/antigen.zsh:1498
[WRN][1551172213.8773798943] Replace hook: antigen-bundle-defer willghatch/zsh-cdr
[WRN][1551172213.8774275780] /home/hyliang/ENV/CONF/.local/bin/antigen.zsh:1500
[WRN][1551172213.8774275780] antigen-bundle-defer shortcircuited
[LOG][1551172213.8774857521] /home/hyliang/ENV/CONF/.local/bin/antigen.zsh:1518
[LOG][1551172213.8774857521] Return from hook antigen with 0
[WRN][1551172213.8776550293] /home/hyliang/ENV/CONF/.local/bin/antigen.zsh:1462
[WRN][1551172213.8776550293] Ignoring hook due to mode once: antigen-lock
[WRN][1551172213.8776905537] /home/hyliang/ENV/CONF/.local/bin/antigen.zsh:1484
[WRN][1551172213.8776905537] Processing hooks: antigen-lock
[WRN][1551172213.8777327538] /home/hyliang/ENV/CONF/.local/bin/antigen.zsh:1505
[WRN][1551172213.8777327538] -antigen-hook-antigen theme agnoster
[WRN][1551172213.8855788708] /home/hyliang/ENV/CONF/.local/bin/antigen.zsh:1469
[WRN][1551172213.8855788708] Updated meta: target antigen-bundle mode repeat type replace called 12
[WRN][1551172213.8857307434] /home/hyliang/ENV/CONF/.local/bin/antigen.zsh:1469
[WRN][1551172213.8857307434] Updated meta: target antigen-bundle mode repeat type pre called 12
[WRN][1551172213.8857927322] /home/hyliang/ENV/CONF/.local/bin/antigen.zsh:1484
[WRN][1551172213.8857927322] Processing hooks: antigen-bundle-defer antigen-bundle-cached
[WRN][1551172213.8858351707] /home/hyliang/ENV/CONF/.local/bin/antigen.zsh:1487
[WRN][1551172213.8858351707] Pre hook: antigen-bundle-cached --loc=themes/agnoster --btype=theme
[WRN][1551172213.8859145641] /home/hyliang/ENV/CONF/.local/bin/antigen.zsh:1498
[WRN][1551172213.8859145641] Replace hook: antigen-bundle-defer --loc=themes/agnoster --btype=theme
[WRN][1551172213.8859784603] /home/hyliang/ENV/CONF/.local/bin/antigen.zsh:1500
[WRN][1551172213.8859784603] antigen-bundle-defer shortcircuited
[LOG][1551172213.8860936165] /home/hyliang/ENV/CONF/.local/bin/antigen.zsh:1518
[LOG][1551172213.8860936165] Return from hook antigen with 0
[WRN][1551172213.8870775700] /home/hyliang/ENV/CONF/.local/bin/antigen.zsh:1462
[WRN][1551172213.8870775700] Ignoring hook due to mode once: antigen-lock
[WRN][1551172213.8871209621] /home/hyliang/ENV/CONF/.local/bin/antigen.zsh:1484
[WRN][1551172213.8871209621] Processing hooks: antigen-lock
[WRN][1551172213.8871686459] /home/hyliang/ENV/CONF/.local/bin/antigen.zsh:1505
[WRN][1551172213.8871686459] -antigen-hook-antigen bundle zsh-users/zsh-syntax-highlighting
[WRN][1551172213.8873038292] /home/hyliang/ENV/CONF/.local/bin/antigen.zsh:1469
[WRN][1551172213.8873038292] Updated meta: target antigen-bundle mode repeat type replace called 13
[WRN][1551172213.8873896599] /home/hyliang/ENV/CONF/.local/bin/antigen.zsh:1469
[WRN][1551172213.8873896599] Updated meta: target antigen-bundle mode repeat type pre called 13
[WRN][1551172213.8874359131] /home/hyliang/ENV/CONF/.local/bin/antigen.zsh:1484
[WRN][1551172213.8874359131] Processing hooks: antigen-bundle-defer antigen-bundle-cached
[WRN][1551172213.8874726295] /home/hyliang/ENV/CONF/.local/bin/antigen.zsh:1487
[WRN][1551172213.8874726295] Pre hook: antigen-bundle-cached zsh-users/zsh-syntax-highlighting
[WRN][1551172213.8875391483] /home/hyliang/ENV/CONF/.local/bin/antigen.zsh:1498
[WRN][1551172213.8875391483] Replace hook: antigen-bundle-defer zsh-users/zsh-syntax-highlighting
[WRN][1551172213.8875889778] /home/hyliang/ENV/CONF/.local/bin/antigen.zsh:1500
[WRN][1551172213.8875889778] antigen-bundle-defer shortcircuited
[LOG][1551172213.8876492977] /home/hyliang/ENV/CONF/.local/bin/antigen.zsh:1518
[LOG][1551172213.8876492977] Return from hook antigen with 0
[WRN][1551172213.8877651691] /home/hyliang/ENV/CONF/.local/bin/antigen.zsh:1462
[WRN][1551172213.8877651691] Ignoring hook due to mode once: antigen-lock
[WRN][1551172213.8878018856] /home/hyliang/ENV/CONF/.local/bin/antigen.zsh:1484
[WRN][1551172213.8878018856] Processing hooks: antigen-lock
[WRN][1551172213.8878462315] /home/hyliang/ENV/CONF/.local/bin/antigen.zsh:1505
[WRN][1551172213.8878462315] -antigen-hook-antigen apply
[WRN][1551172213.8879809380] /home/hyliang/ENV/CONF/.local/bin/antigen.zsh:1469
[WRN][1551172213.8879809380] Updated meta: target antigen-apply mode once type post called 1
[WRN][1551172213.8880622387] /home/hyliang/ENV/CONF/.local/bin/antigen.zsh:1469
[WRN][1551172213.8880622387] Updated meta: target antigen-apply mode once type pre called 1
[WRN][1551172213.8881397247] /home/hyliang/ENV/CONF/.local/bin/antigen.zsh:1469
[WRN][1551172213.8881397247] Updated meta: target antigen-apply mode once type replace called 1
[WRN][1551172213.8882162571] /home/hyliang/ENV/CONF/.local/bin/antigen.zsh:1469
[WRN][1551172213.8882162571] Updated meta: target antigen-apply mode once type pre called 1
[WRN][1551172213.8882901669] /home/hyliang/ENV/CONF/.local/bin/antigen.zsh:1469
[WRN][1551172213.8882901669] Updated meta: target antigen-apply mode once type post called 1
[WRN][1551172213.8883349895] /home/hyliang/ENV/CONF/.local/bin/antigen.zsh:1484
[WRN][1551172213.8883349895] Processing hooks: antigen-apply-lock antigen-apply-parallel antigen-apply-parallel-execute antigen-apply-defer antigen-apply-cached
[WRN][1551172213.8883793354] /home/hyliang/ENV/CONF/.local/bin/antigen.zsh:1487
[WRN][1551172213.8883793354] Pre hook: antigen-apply-parallel
[WRN][1551172213.8884170055] /home/hyliang/ENV/CONF/.local/bin/antigen.zsh:53
[WRN][1551172213.8884170055] Parallel pre-apply PARALLEL PRE-APPLY
[WRN][1551172213.8885371685] /home/hyliang/ENV/CONF/.local/bin/antigen.zsh:1487
[WRN][1551172213.8885371685] Pre hook: antigen-apply-defer
[WRN][1551172213.8885743618] /home/hyliang/ENV/CONF/.local/bin/antigen.zsh:10
[WRN][1551172213.8885743618] Defer pre-apply DEFER PRE-APPLY
[LOG][1551172213.8887021542] /home/hyliang/ENV/CONF/.local/bin/antigen.zsh:16
[LOG][1551172213.8887021542] Processing deferred bundle: --loc=lib DEFER
[WRN][1551172213.8888256550] /home/hyliang/ENV/CONF/.local/bin/antigen.zsh:1469
[WRN][1551172213.8888256550] Updated meta: target antigen-bundle mode repeat type pre called 14
[WRN][1551172213.8889403343] /home/hyliang/ENV/CONF/.local/bin/antigen.zsh:1469
[WRN][1551172213.8889403343] Updated meta: target antigen-bundle mode repeat type replace called 1
[WRN][1551172213.8889977932] /home/hyliang/ENV/CONF/.local/bin/antigen.zsh:1484
[WRN][1551172213.8889977932] Processing hooks: antigen-bundle-cached antigen-bundle-parallel
[WRN][1551172213.8890452385] /home/hyliang/ENV/CONF/.local/bin/antigen.zsh:1487
[WRN][1551172213.8890452385] Pre hook: antigen-bundle-cached --loc=lib
[WRN][1551172213.8891253471] /home/hyliang/ENV/CONF/.local/bin/antigen.zsh:1498
[WRN][1551172213.8891253471] Replace hook: antigen-bundle-parallel --loc=lib
[TRA][1551172213.8891777992] /home/hyliang/ENV/shareENV/shell_config/.zshrc:5
[TRA][1551172213.8891777992] antigen-bundle-parallel: --loc=lib PARALLEL
[TRA][1551172213.8891777992] TRACE
antigen-bundle-parallel
-antigen-hook-handler
antigen-bundle
antigen-apply-defer
-antigen-hook-handler
antigen-apply
-antigen-hook-antigen
-antigen-hook-handler
antigen
/home/hyliang/ENV/shareENV/shell_config/.zshrc
/home/hyliang/ENV/CONF/.zshrc
[WRN][1551172213.8892433643] /home/hyliang/ENV/CONF/.local/bin/antigen.zsh:1509
[WRN][1551172213.8892433643] Replaced hooked function.
[LOG][1551172213.8892936707] /home/hyliang/ENV/CONF/.local/bin/antigen.zsh:1518
[LOG][1551172213.8892936707] Return from hook antigen-bundle with 0
[LOG][1551172213.8893487453] /home/hyliang/ENV/CONF/.local/bin/antigen.zsh:16
[LOG][1551172213.8893487453] Processing deferred bundle: pip DEFER
[WRN][1551172213.8894646168] /home/hyliang/ENV/CONF/.local/bin/antigen.zsh:1469
[WRN][1551172213.8894646168] Updated meta: target antigen-bundle mode repeat type pre called 15
[WRN][1551172213.8895528316] /home/hyliang/ENV/CONF/.local/bin/antigen.zsh:1469
[WRN][1551172213.8895528316] Updated meta: target antigen-bundle mode repeat type replace called 2
[WRN][1551172213.8896064758] /home/hyliang/ENV/CONF/.local/bin/antigen.zsh:1484
[WRN][1551172213.8896064758] Processing hooks: antigen-bundle-cached antigen-bundle-parallel
[WRN][1551172213.8896524906] /home/hyliang/ENV/CONF/.local/bin/antigen.zsh:1487
[WRN][1551172213.8896524906] Pre hook: antigen-bundle-cached pip
[WRN][1551172213.8897287846] /home/hyliang/ENV/CONF/.local/bin/antigen.zsh:1498
[WRN][1551172213.8897287846] Replace hook: antigen-bundle-parallel pip
[TRA][1551172213.8897764683] /home/hyliang/ENV/shareENV/shell_config/.zshrc:5
[TRA][1551172213.8897764683] antigen-bundle-parallel: pip PARALLEL
[TRA][1551172213.8897764683] TRACE
antigen-bundle-parallel
-antigen-hook-handler
antigen-bundle
antigen-apply-defer
-antigen-hook-handler
antigen-apply
-antigen-hook-antigen
-antigen-hook-handler
antigen
/home/hyliang/ENV/shareENV/shell_config/.zshrc
/home/hyliang/ENV/CONF/.zshrc
[WRN][1551172213.8898379803] /home/hyliang/ENV/CONF/.local/bin/antigen.zsh:1509
[WRN][1551172213.8898379803] Replaced hooked function.
[LOG][1551172213.8898870945] /home/hyliang/ENV/CONF/.local/bin/antigen.zsh:1518
[LOG][1551172213.8898870945] Return from hook antigen-bundle with 0
[LOG][1551172213.8899455070] /home/hyliang/ENV/CONF/.local/bin/antigen.zsh:16
[LOG][1551172213.8899455070] Processing deferred bundle: svn-fast-info DEFER
[WRN][1551172213.8900732994] /home/hyliang/ENV/CONF/.local/bin/antigen.zsh:1469
[WRN][1551172213.8900732994] Updated meta: target antigen-bundle mode repeat type pre called 16
[WRN][1551172213.8901638985] /home/hyliang/ENV/CONF/.local/bin/antigen.zsh:1469
[WRN][1551172213.8901638985] Updated meta: target antigen-bundle mode repeat type replace called 3
[WRN][1551172213.8902177811] /home/hyliang/ENV/CONF/.local/bin/antigen.zsh:1484
[WRN][1551172213.8902177811] Processing hooks: antigen-bundle-cached antigen-bundle-parallel
[WRN][1551172213.8902633190] /home/hyliang/ENV/CONF/.local/bin/antigen.zsh:1487
[WRN][1551172213.8902633190] Pre hook: antigen-bundle-cached svn-fast-info
[WRN][1551172213.8903400898] /home/hyliang/ENV/CONF/.local/bin/antigen.zsh:1498
[WRN][1551172213.8903400898] Replace hook: antigen-bundle-parallel svn-fast-info
[TRA][1551172213.8903918266] /home/hyliang/ENV/shareENV/shell_config/.zshrc:5
[TRA][1551172213.8903918266] antigen-bundle-parallel: svn-fast-info PARALLEL
[TRA][1551172213.8903918266] TRACE
antigen-bundle-parallel
-antigen-hook-handler
antigen-bundle
antigen-apply-defer
-antigen-hook-handler
antigen-apply
-antigen-hook-antigen
-antigen-hook-handler
antigen
/home/hyliang/ENV/shareENV/shell_config/.zshrc
/home/hyliang/ENV/CONF/.zshrc
[WRN][1551172213.8904554844] /home/hyliang/ENV/CONF/.local/bin/antigen.zsh:1509
[WRN][1551172213.8904554844] Replaced hooked function.
[LOG][1551172213.8905060291] /home/hyliang/ENV/CONF/.local/bin/antigen.zsh:1518
[LOG][1551172213.8905060291] Return from hook antigen-bundle with 0
[LOG][1551172213.8905601501] /home/hyliang/ENV/CONF/.local/bin/antigen.zsh:16
[LOG][1551172213.8905601501] Processing deferred bundle: colorize DEFER
[WRN][1551172213.8906748295] /home/hyliang/ENV/CONF/.local/bin/antigen.zsh:1469
[WRN][1551172213.8906748295] Updated meta: target antigen-bundle mode repeat type pre called 17
[WRN][1551172213.8907628059] /home/hyliang/ENV/CONF/.local/bin/antigen.zsh:1469
[WRN][1551172213.8907628059] Updated meta: target antigen-bundle mode repeat type replace called 4
[WRN][1551172213.8908174038] /home/hyliang/ENV/CONF/.local/bin/antigen.zsh:1484
[WRN][1551172213.8908174038] Processing hooks: antigen-bundle-cached antigen-bundle-parallel
[WRN][1551172213.8908636570] /home/hyliang/ENV/CONF/.local/bin/antigen.zsh:1487
[WRN][1551172213.8908636570] Pre hook: antigen-bundle-cached colorize
[WRN][1551172213.8909404278] /home/hyliang/ENV/CONF/.local/bin/antigen.zsh:1498
[WRN][1551172213.8909404278] Replace hook: antigen-bundle-parallel colorize
[TRA][1551172213.8909876347] /home/hyliang/ENV/shareENV/shell_config/.zshrc:5
[TRA][1551172213.8909876347] antigen-bundle-parallel: colorize PARALLEL
[TRA][1551172213.8909876347] TRACE
antigen-bundle-parallel
-antigen-hook-handler
antigen-bundle
antigen-apply-defer
-antigen-hook-handler
antigen-apply
-antigen-hook-antigen
-antigen-hook-handler
antigen
/home/hyliang/ENV/shareENV/shell_config/.zshrc
/home/hyliang/ENV/CONF/.zshrc
[WRN][1551172213.8910503387] /home/hyliang/ENV/CONF/.local/bin/antigen.zsh:1509
[WRN][1551172213.8910503387] Replaced hooked function.
[LOG][1551172213.8910996914] /home/hyliang/ENV/CONF/.local/bin/antigen.zsh:1518
[LOG][1551172213.8910996914] Return from hook antigen-bundle with 0
[LOG][1551172213.8911533356] /home/hyliang/ENV/CONF/.local/bin/antigen.zsh:16
[LOG][1551172213.8911533356] Processing deferred bundle: github DEFER
[WRN][1551172213.8912668228] /home/hyliang/ENV/CONF/.local/bin/antigen.zsh:1469
[WRN][1551172213.8912668228] Updated meta: target antigen-bundle mode repeat type pre called 18
[WRN][1551172213.8913540840] /home/hyliang/ENV/CONF/.local/bin/antigen.zsh:1469
[WRN][1551172213.8913540840] Updated meta: target antigen-bundle mode repeat type replace called 5
[WRN][1551172213.8914072514] /home/hyliang/ENV/CONF/.local/bin/antigen.zsh:1484
[WRN][1551172213.8914072514] Processing hooks: antigen-bundle-cached antigen-bundle-parallel
[WRN][1551172213.8914580345] /home/hyliang/ENV/CONF/.local/bin/antigen.zsh:1487
[WRN][1551172213.8914580345] Pre hook: antigen-bundle-cached github
[WRN][1551172213.8915359974] /home/hyliang/ENV/CONF/.local/bin/antigen.zsh:1498
[WRN][1551172213.8915359974] Replace hook: antigen-bundle-parallel github
[TRA][1551172213.8915846348] /home/hyliang/ENV/shareENV/shell_config/.zshrc:5
[TRA][1551172213.8915846348] antigen-bundle-parallel: github PARALLEL
[TRA][1551172213.8915846348] TRACE
antigen-bundle-parallel
-antigen-hook-handler
antigen-bundle
antigen-apply-defer
-antigen-hook-handler
antigen-apply
-antigen-hook-antigen
-antigen-hook-handler
antigen
/home/hyliang/ENV/shareENV/shell_config/.zshrc
/home/hyliang/ENV/CONF/.zshrc
[WRN][1551172213.8916478157] /home/hyliang/ENV/CONF/.local/bin/antigen.zsh:1509
[WRN][1551172213.8916478157] Replaced hooked function.
[LOG][1551172213.8916971684] /home/hyliang/ENV/CONF/.local/bin/antigen.zsh:1518
[LOG][1551172213.8916971684] Return from hook antigen-bundle with 0
[LOG][1551172213.8917512894] /home/hyliang/ENV/CONF/.local/bin/antigen.zsh:16
[LOG][1551172213.8917512894] Processing deferred bundle: python DEFER
[WRN][1551172213.8918650150] /home/hyliang/ENV/CONF/.local/bin/antigen.zsh:1469
[WRN][1551172213.8918650150] Updated meta: target antigen-bundle mode repeat type pre called 19
[WRN][1551172213.8919517994] /home/hyliang/ENV/CONF/.local/bin/antigen.zsh:1469
[WRN][1551172213.8919517994] Updated meta: target antigen-bundle mode repeat type replace called 6
[WRN][1551172213.8920061588] /home/hyliang/ENV/CONF/.local/bin/antigen.zsh:1484
[WRN][1551172213.8920061588] Processing hooks: antigen-bundle-cached antigen-bundle-parallel
[WRN][1551172213.8920521736] /home/hyliang/ENV/CONF/.local/bin/antigen.zsh:1487
[WRN][1551172213.8920521736] Pre hook: antigen-bundle-cached python
[WRN][1551172213.8921289444] /home/hyliang/ENV/CONF/.local/bin/antigen.zsh:1498
[WRN][1551172213.8921289444] Replace hook: antigen-bundle-parallel python
[TRA][1551172213.8921773434] /home/hyliang/ENV/shareENV/shell_config/.zshrc:5
[TRA][1551172213.8921773434] antigen-bundle-parallel: python PARALLEL
[TRA][1551172213.8921773434] TRACE
antigen-bundle-parallel
-antigen-hook-handler
antigen-bundle
antigen-apply-defer
-antigen-hook-handler
antigen-apply
-antigen-hook-antigen
-antigen-hook-handler
antigen
/home/hyliang/ENV/shareENV/shell_config/.zshrc
/home/hyliang/ENV/CONF/.zshrc
[WRN][1551172213.8922400475] /home/hyliang/ENV/CONF/.local/bin/antigen.zsh:1509
[WRN][1551172213.8922400475] Replaced hooked function.
[LOG][1551172213.8922898769] /home/hyliang/ENV/CONF/.local/bin/antigen.zsh:1518
[LOG][1551172213.8922898769] Return from hook antigen-bundle with 0
[LOG][1551172213.8923439980] /home/hyliang/ENV/CONF/.local/bin/antigen.zsh:16
[LOG][1551172213.8923439980] Processing deferred bundle: rupa/z z.sh DEFER
[WRN][1551172213.8924574852] /home/hyliang/ENV/CONF/.local/bin/antigen.zsh:1469
[WRN][1551172213.8924574852] Updated meta: target antigen-bundle mode repeat type pre called 20
[WRN][1551172213.8925454617] /home/hyliang/ENV/CONF/.local/bin/antigen.zsh:1469
[WRN][1551172213.8925454617] Updated meta: target antigen-bundle mode repeat type replace called 7
[WRN][1551172213.8926005363] /home/hyliang/ENV/CONF/.local/bin/antigen.zsh:1484
[WRN][1551172213.8926005363] Processing hooks: antigen-bundle-cached antigen-bundle-parallel
[WRN][1551172213.8926472664] /home/hyliang/ENV/CONF/.local/bin/antigen.zsh:1487
[WRN][1551172213.8926472664] Pre hook: antigen-bundle-cached rupa/z z.sh
[WRN][1551172213.8927233219] /home/hyliang/ENV/CONF/.local/bin/antigen.zsh:1498
[WRN][1551172213.8927233219] Replace hook: antigen-bundle-parallel rupa/z z.sh
[TRA][1551172213.8927712440] /home/hyliang/ENV/shareENV/shell_config/.zshrc:5
[TRA][1551172213.8927712440] antigen-bundle-parallel: rupa/z z.sh PARALLEL
[TRA][1551172213.8927712440] TRACE
antigen-bundle-parallel
-antigen-hook-handler
antigen-bundle
antigen-apply-defer
-antigen-hook-handler
antigen-apply
-antigen-hook-antigen
-antigen-hook-handler
antigen
/home/hyliang/ENV/shareENV/shell_config/.zshrc
/home/hyliang/ENV/CONF/.zshrc
[WRN][1551172213.9048669338] /home/hyliang/ENV/CONF/.local/bin/antigen.zsh:1509
[WRN][1551172213.9048669338] Replaced hooked function.
[LOG][1551172213.9050045013] /home/hyliang/ENV/CONF/.local/bin/antigen.zsh:1518
[LOG][1551172213.9050045013] Return from hook antigen-bundle with 0
[LOG][1551172213.9050753117] /home/hyliang/ENV/CONF/.local/bin/antigen.zsh:16
[LOG][1551172213.9050753117] Processing deferred bundle: zsh-users/zsh-autosuggestions DEFER
[WRN][1551172213.9052081108] /home/hyliang/ENV/CONF/.local/bin/antigen.zsh:1469
[WRN][1551172213.9052081108] Updated meta: target antigen-bundle mode repeat type pre called 21
[WRN][1551172213.9053030014] /home/hyliang/ENV/CONF/.local/bin/antigen.zsh:1469
[WRN][1551172213.9053030014] Updated meta: target antigen-bundle mode repeat type replace called 8
[WRN][1551172213.9053606987] /home/hyliang/ENV/CONF/.local/bin/antigen.zsh:1484
[WRN][1551172213.9053606987] Processing hooks: antigen-bundle-cached antigen-bundle-parallel
[WRN][1551172213.9054090977] /home/hyliang/ENV/CONF/.local/bin/antigen.zsh:1487
[WRN][1551172213.9054090977] Pre hook: antigen-bundle-cached zsh-users/zsh-autosuggestions
[WRN][1551172213.9054944515] /home/hyliang/ENV/CONF/.local/bin/antigen.zsh:1498
[WRN][1551172213.9054944515] Replace hook: antigen-bundle-parallel zsh-users/zsh-autosuggestions
[TRA][1551172213.9055449963] /home/hyliang/ENV/shareENV/shell_config/.zshrc:5
[TRA][1551172213.9055449963] antigen-bundle-parallel: zsh-users/zsh-autosuggestions PARALLEL
[TRA][1551172213.9055449963] TRACE
antigen-bundle-parallel
-antigen-hook-handler
antigen-bundle
antigen-apply-defer
-antigen-hook-handler
antigen-apply
-antigen-hook-antigen
-antigen-hook-handler
antigen
/home/hyliang/ENV/shareENV/shell_config/.zshrc
/home/hyliang/ENV/CONF/.zshrc
[WRN][1551172213.9056096077] /home/hyliang/ENV/CONF/.local/bin/antigen.zsh:1509
[WRN][1551172213.9056096077] Replaced hooked function.
[LOG][1551172213.9056603909] /home/hyliang/ENV/CONF/.local/bin/antigen.zsh:1518
[LOG][1551172213.9056603909] Return from hook antigen-bundle with 0
[LOG][1551172213.9057199955] /home/hyliang/ENV/CONF/.local/bin/antigen.zsh:16
[LOG][1551172213.9057199955] Processing deferred bundle: zsh-users/zsh-completions DEFER
[WRN][1551172213.9058372974] /home/hyliang/ENV/CONF/.local/bin/antigen.zsh:1469
[WRN][1551172213.9058372974] Updated meta: target antigen-bundle mode repeat type pre called 22
[WRN][1551172213.9059271812] /home/hyliang/ENV/CONF/.local/bin/antigen.zsh:1469
[WRN][1551172213.9059271812] Updated meta: target antigen-bundle mode repeat type replace called 9
[WRN][1551172213.9059824944] /home/hyliang/ENV/CONF/.local/bin/antigen.zsh:1484
[WRN][1551172213.9059824944] Processing hooks: antigen-bundle-cached antigen-bundle-parallel
[WRN][1551172213.9060420990] /home/hyliang/ENV/CONF/.local/bin/antigen.zsh:1487
[WRN][1551172213.9060420990] Pre hook: antigen-bundle-cached zsh-users/zsh-completions
[WRN][1551172213.9061229229] /home/hyliang/ENV/CONF/.local/bin/antigen.zsh:1498
[WRN][1551172213.9061229229] Replace hook: antigen-bundle-parallel zsh-users/zsh-completions
[TRA][1551172213.9061720371] /home/hyliang/ENV/shareENV/shell_config/.zshrc:5
[TRA][1551172213.9061720371] antigen-bundle-parallel: zsh-users/zsh-completions PARALLEL
[TRA][1551172213.9061720371] TRACE
antigen-bundle-parallel
-antigen-hook-handler
antigen-bundle
antigen-apply-defer
-antigen-hook-handler
antigen-apply
-antigen-hook-antigen
-antigen-hook-handler
antigen
/home/hyliang/ENV/shareENV/shell_config/.zshrc
/home/hyliang/ENV/CONF/.zshrc
[WRN][1551172213.9062349796] /home/hyliang/ENV/CONF/.local/bin/antigen.zsh:1509
[WRN][1551172213.9062349796] Replaced hooked function.
[LOG][1551172213.9062845707] /home/hyliang/ENV/CONF/.local/bin/antigen.zsh:1518
[LOG][1551172213.9062845707] Return from hook antigen-bundle with 0
[LOG][1551172213.9063436985] /home/hyliang/ENV/CONF/.local/bin/antigen.zsh:16
[LOG][1551172213.9063436985] Processing deferred bundle: Vifon/deer DEFER
[WRN][1551172213.9064586163] /home/hyliang/ENV/CONF/.local/bin/antigen.zsh:1469
[WRN][1551172213.9064586163] Updated meta: target antigen-bundle mode repeat type pre called 23
[WRN][1551172213.9065573215] /home/hyliang/ENV/CONF/.local/bin/antigen.zsh:1469
[WRN][1551172213.9065573215] Updated meta: target antigen-bundle mode repeat type replace called 10
[WRN][1551172213.9066133499] /home/hyliang/ENV/CONF/.local/bin/antigen.zsh:1484
[WRN][1551172213.9066133499] Processing hooks: antigen-bundle-cached antigen-bundle-parallel
[WRN][1551172213.9066600800] /home/hyliang/ENV/CONF/.local/bin/antigen.zsh:1487
[WRN][1551172213.9066600800] Pre hook: antigen-bundle-cached Vifon/deer
[WRN][1551172213.9067382812] /home/hyliang/ENV/CONF/.local/bin/antigen.zsh:1498
[WRN][1551172213.9067382812] Replace hook: antigen-bundle-parallel Vifon/deer
[TRA][1551172213.9067862034] /home/hyliang/ENV/shareENV/shell_config/.zshrc:5
[TRA][1551172213.9067862034] antigen-bundle-parallel: Vifon/deer PARALLEL
[TRA][1551172213.9067862034] TRACE
antigen-bundle-parallel
-antigen-hook-handler
antigen-bundle
antigen-apply-defer
-antigen-hook-handler
antigen-apply
-antigen-hook-antigen
-antigen-hook-handler
antigen
/home/hyliang/ENV/shareENV/shell_config/.zshrc
/home/hyliang/ENV/CONF/.zshrc
[WRN][1551172213.9068486691] /home/hyliang/ENV/CONF/.local/bin/antigen.zsh:1509
[WRN][1551172213.9068486691] Replaced hooked function.
[LOG][1551172213.9068987370] /home/hyliang/ENV/CONF/.local/bin/antigen.zsh:1518
[LOG][1551172213.9068987370] Return from hook antigen-bundle with 0
[LOG][1551172213.9069533348] /home/hyliang/ENV/CONF/.local/bin/antigen.zsh:16
[LOG][1551172213.9069533348] Processing deferred bundle: willghatch/zsh-cdr DEFER
[WRN][1551172213.9070730209] /home/hyliang/ENV/CONF/.local/bin/antigen.zsh:1469
[WRN][1551172213.9070730209] Updated meta: target antigen-bundle mode repeat type pre called 24
[WRN][1551172213.9071633816] /home/hyliang/ENV/CONF/.local/bin/antigen.zsh:1469
[WRN][1551172213.9071633816] Updated meta: target antigen-bundle mode repeat type replace called 11
[WRN][1551172213.9072186947] /home/hyliang/ENV/CONF/.local/bin/antigen.zsh:1484
[WRN][1551172213.9072186947] Processing hooks: antigen-bundle-cached antigen-bundle-parallel
[WRN][1551172213.9072649479] /home/hyliang/ENV/CONF/.local/bin/antigen.zsh:1487
[WRN][1551172213.9072649479] Pre hook: antigen-bundle-cached willghatch/zsh-cdr
[WRN][1551172213.9073452950] /home/hyliang/ENV/CONF/.local/bin/antigen.zsh:1498
[WRN][1551172213.9073452950] Replace hook: antigen-bundle-parallel willghatch/zsh-cdr
[TRA][1551172213.9073929787] /home/hyliang/ENV/shareENV/shell_config/.zshrc:5
[TRA][1551172213.9073929787] antigen-bundle-parallel: willghatch/zsh-cdr PARALLEL
[TRA][1551172213.9073929787] TRACE
antigen-bundle-parallel
-antigen-hook-handler
antigen-bundle
antigen-apply-defer
-antigen-hook-handler
antigen-apply
-antigen-hook-antigen
-antigen-hook-handler
antigen
/home/hyliang/ENV/shareENV/shell_config/.zshrc
/home/hyliang/ENV/CONF/.zshrc
[WRN][1551172213.9074559212] /home/hyliang/ENV/CONF/.local/bin/antigen.zsh:1509
[WRN][1551172213.9074559212] Replaced hooked function.
[LOG][1551172213.9075043201] /home/hyliang/ENV/CONF/.local/bin/antigen.zsh:1518
[LOG][1551172213.9075043201] Return from hook antigen-bundle with 0
[LOG][1551172213.9075634480] /home/hyliang/ENV/CONF/.local/bin/antigen.zsh:16
[LOG][1551172213.9075634480] Processing deferred bundle: --loc=themes/agnoster --btype=theme DEFER
[WRN][1551172213.9076783657] /home/hyliang/ENV/CONF/.local/bin/antigen.zsh:1469
[WRN][1551172213.9076783657] Updated meta: target antigen-bundle mode repeat type pre called 25
[WRN][1551172213.9077694416] /home/hyliang/ENV/CONF/.local/bin/antigen.zsh:1469
[WRN][1551172213.9077694416] Updated meta: target antigen-bundle mode repeat type replace called 12
[WRN][1551172213.9078247547] /home/hyliang/ENV/CONF/.local/bin/antigen.zsh:1484
[WRN][1551172213.9078247547] Processing hooks: antigen-bundle-cached antigen-bundle-parallel
[WRN][1551172213.9078710079] /home/hyliang/ENV/CONF/.local/bin/antigen.zsh:1487
[WRN][1551172213.9078710079] Pre hook: antigen-bundle-cached --loc=themes/agnoster --btype=theme
[WRN][1551172213.9079546928] /home/hyliang/ENV/CONF/.local/bin/antigen.zsh:1498
[WRN][1551172213.9079546928] Replace hook: antigen-bundle-parallel --loc=themes/agnoster --btype=theme
[TRA][1551172213.9079988003] /home/hyliang/ENV/shareENV/shell_config/.zshrc:5
[TRA][1551172213.9079988003] antigen-bundle-parallel: --loc=themes/agnoster --btype=theme PARALLEL
[TRA][1551172213.9079988003] TRACE
antigen-bundle-parallel
-antigen-hook-handler
antigen-bundle
antigen-apply-defer
-antigen-hook-handler
antigen-apply
-antigen-hook-antigen
-antigen-hook-handler
antigen
/home/hyliang/ENV/shareENV/shell_config/.zshrc
/home/hyliang/ENV/CONF/.zshrc
[WRN][1551172213.9080622196] /home/hyliang/ENV/CONF/.local/bin/antigen.zsh:1509
[WRN][1551172213.9080622196] Replaced hooked function.
[LOG][1551172213.9081120491] /home/hyliang/ENV/CONF/.local/bin/antigen.zsh:1518
[LOG][1551172213.9081120491] Return from hook antigen-bundle with 0
[LOG][1551172213.9081714153] /home/hyliang/ENV/CONF/.local/bin/antigen.zsh:16
[LOG][1551172213.9081714153] Processing deferred bundle: zsh-users/zsh-syntax-highlighting DEFER
[WRN][1551172213.9082856178] /home/hyliang/ENV/CONF/.local/bin/antigen.zsh:1469
[WRN][1551172213.9082856178] Updated meta: target antigen-bundle mode repeat type pre called 26
[WRN][1551172213.9083740711] /home/hyliang/ENV/CONF/.local/bin/antigen.zsh:1469
[WRN][1551172213.9083740711] Updated meta: target antigen-bundle mode repeat type replace called 13
[WRN][1551172213.9084279537] /home/hyliang/ENV/CONF/.local/bin/antigen.zsh:1484
[WRN][1551172213.9084279537] Processing hooks: antigen-bundle-cached antigen-bundle-parallel
[WRN][1551172213.9084737301] /home/hyliang/ENV/CONF/.local/bin/antigen.zsh:1487
[WRN][1551172213.9084737301] Pre hook: antigen-bundle-cached zsh-users/zsh-syntax-highlighting
[WRN][1551172213.9085516930] /home/hyliang/ENV/CONF/.local/bin/antigen.zsh:1498
[WRN][1551172213.9085516930] Replace hook: antigen-bundle-parallel zsh-users/zsh-syntax-highlighting
[TRA][1551172213.9085948467] /home/hyliang/ENV/shareENV/shell_config/.zshrc:5
[TRA][1551172213.9085948467] antigen-bundle-parallel: zsh-users/zsh-syntax-highlighting PARALLEL
[TRA][1551172213.9085948467] TRACE
antigen-bundle-parallel
-antigen-hook-handler
antigen-bundle
antigen-apply-defer
-antigen-hook-handler
antigen-apply
-antigen-hook-antigen
-antigen-hook-handler
antigen
/home/hyliang/ENV/shareENV/shell_config/.zshrc
/home/hyliang/ENV/CONF/.zshrc
[WRN][1551172213.9086565971] /home/hyliang/ENV/CONF/.local/bin/antigen.zsh:1509
[WRN][1551172213.9086565971] Replaced hooked function.
[LOG][1551172213.9087052345] /home/hyliang/ENV/CONF/.local/bin/antigen.zsh:1518
[LOG][1551172213.9087052345] Return from hook antigen-bundle with 0
[WRN][1551172213.9087896347] /home/hyliang/ENV/CONF/.local/bin/antigen.zsh:1498
[WRN][1551172213.9087896347] Replace hook: antigen-apply-parallel-execute
[WRN][1551172213.9088270664] /home/hyliang/ENV/CONF/.local/bin/antigen.zsh:65
[WRN][1551172213.9088270664] Parallel replace-apply PARALLEL REPLACE-APPLY
[WRN][1551172213.9089744091] /home/hyliang/ENV/CONF/.local/bin/antigen.zsh:4
[WRN][1551172213.9089744091] Parallel antigen-bundle-parallel-execute PARALLEL
[WRN][1551172213.9090187550] /home/hyliang/ENV/CONF/.local/bin/antigen.zsh:8
[WRN][1551172213.9090187550] Gonna install in parallel 13 bundles. PARALLEL
[WRN][1551172213.9090623856] /home/hyliang/ENV/CONF/.local/bin/antigen.zsh:10
[WRN][1551172213.9090623856] --loc=lib pip svn-fast-info colorize github python rupa/z z.sh zsh-users/zsh-autosuggestions zsh-users/zsh-completions Vifon/deer willghatch/zsh-cdr --loc=themes/agnoster --btype=theme zsh-users/zsh-syntax-highlighting PARALLEL
[WRN][1551172213.9095304012] /home/hyliang/ENV/CONF/.local/bin/antigen.zsh:17
[WRN][1551172213.9095304012] Install in parallel robbyrussell/oh-my-zsh. PARALLEL
[WRN][1551172213.9216063023] /home/hyliang/ENV/CONF/.local/bin/antigen.zsh:24
[WRN][1551172213.9216063023] Bundle robbyrussell/oh-my-zsh already cloned locally. PARALLEL
[WRN][1551172213.9220466614] /home/hyliang/ENV/CONF/.local/bin/antigen.zsh:24
[WRN][1551172213.9220466614] Bundle robbyrussell/oh-my-zsh already cloned locally. PARALLEL
[WRN][1551172213.9224386215] /home/hyliang/ENV/CONF/.local/bin/antigen.zsh:24
[WRN][1551172213.9224386215] Bundle robbyrussell/oh-my-zsh already cloned locally. PARALLEL
[WRN][1551172213.9228084087] /home/hyliang/ENV/CONF/.local/bin/antigen.zsh:24
[WRN][1551172213.9228084087] Bundle robbyrussell/oh-my-zsh already cloned locally. PARALLEL
[WRN][1551172213.9231789112] /home/hyliang/ENV/CONF/.local/bin/antigen.zsh:24
[WRN][1551172213.9231789112] Bundle robbyrussell/oh-my-zsh already cloned locally. PARALLEL
[WRN][1551172213.9235661030] /home/hyliang/ENV/CONF/.local/bin/antigen.zsh:17
[WRN][1551172213.9235661030] Install in parallel rupa/z. PARALLEL
[WRN][1551172213.9336233139] /home/hyliang/ENV/CONF/.local/bin/antigen.zsh:17
[WRN][1551172213.9336233139] Install in parallel zsh-users/zsh-autosuggestions. PARALLEL
[WRN][1551172213.9456129074] /home/hyliang/ENV/CONF/.local/bin/antigen.zsh:17
[WRN][1551172213.9456129074] Install in parallel zsh-users/zsh-completions. PARALLEL
[WRN][1551172213.9536151886] /home/hyliang/ENV/CONF/.local/bin/antigen.zsh:17
[WRN][1551172213.9536151886] Install in parallel Vifon/deer. PARALLEL
[WRN][1551172213.9655933380] /home/hyliang/ENV/CONF/.local/bin/antigen.zsh:17
[WRN][1551172213.9655933380] Install in parallel willghatch/zsh-cdr. PARALLEL
[WRN][1551172213.9669499397] /home/hyliang/ENV/CONF/.local/bin/antigen.zsh:24
[WRN][1551172213.9669499397] Bundle robbyrussell/oh-my-zsh already cloned locally. PARALLEL
[WRN][1551172213.9673693180] /home/hyliang/ENV/CONF/.local/bin/antigen.zsh:17
[WRN][1551172213.9673693180] Install in parallel zsh-users/zsh-syntax-highlighting. PARALLEL
[WRN][1551172217.0542418957] /home/hyliang/ENV/CONF/.local/bin/antigen.zsh:1469
[WRN][1551172217.0542418957] Updated meta: target antigen-bundle mode repeat type pre called 27
[WRN][1551172217.0543568134] /home/hyliang/ENV/CONF/.local/bin/antigen.zsh:1484
[WRN][1551172217.0543568134] Processing hooks: antigen-bundle-cached
[WRN][1551172217.0544018745] /home/hyliang/ENV/CONF/.local/bin/antigen.zsh:1487
[WRN][1551172217.0544018745] Pre hook: antigen-bundle-cached --loc=lib
[WRN][1551172217.0544710159] /home/hyliang/ENV/CONF/.local/bin/antigen.zsh:1505
[WRN][1551172217.0544710159] -antigen-hook-antigen-bundle --loc=lib
[TRA][1551172217.0545172691] /home/hyliang/ENV/CONF/.local/bin/antigen.zsh:2
[TRA][1551172217.0545172691] Called antigen-bundle with --loc=lib BUNDLE
[TRA][1551172217.0545172691] TRACE
-antigen-hook-antigen-bundle
-antigen-hook-handler
antigen-bundle
antigen-bundle-parallel-execute
antigen-apply-parallel-execute
-antigen-hook-handler
antigen-apply
-antigen-hook-antigen
-antigen-hook-handler
antigen
/home/hyliang/ENV/shareENV/shell_config/.zshrc
/home/hyliang/ENV/CONF/.zshrc
[WRN][1551172217.0552864075] /home/hyliang/ENV/CONF/.local/bin/antigen.zsh:1469
[WRN][1551172217.0552864075] Updated meta: target -antigen-load-env mode repeat type replace called 1
[WRN][1551172217.0553627014] /home/hyliang/ENV/CONF/.local/bin/antigen.zsh:1484
[WRN][1551172217.0553627014] Processing hooks: -antigen-load-env-cached
[WRN][1551172217.0554382801] /home/hyliang/ENV/CONF/.local/bin/antigen.zsh:1498
[WRN][1551172217.0554382801] Replace hook: -antigen-load-env-cached dir /home/hyliang/ENV/CONF/.antigen/bundles/robbyrussell/oh-my-zsh btype plugin url https://github.com/robbyrussell/oh-my-zsh.git loc lib name robbyrussell/oh-my-zsh make_local_clone true
[WRN][1551172217.0555379391] /home/hyliang/ENV/CONF/.local/bin/antigen.zsh:1509
[WRN][1551172217.0555379391] Replaced hooked function.
[LOG][1551172217.0555844307] /home/hyliang/ENV/CONF/.local/bin/antigen.zsh:1518
[LOG][1551172217.0555844307] Return from hook -antigen-load-env with 0
[WRN][1551172217.0558011532] /home/hyliang/ENV/CONF/.local/bin/antigen.zsh:1469
[WRN][1551172217.0558011532] Updated meta: target -antigen-load-source mode repeat type replace called 1
[WRN][1551172217.0558712482] /home/hyliang/ENV/CONF/.local/bin/antigen.zsh:1484
[WRN][1551172217.0558712482] Processing hooks: -antigen-load-source-cached
[WRN][1551172217.0559606552] /home/hyliang/ENV/CONF/.local/bin/antigen.zsh:1498
[WRN][1551172217.0559606552] Replace hook: -antigen-load-source-cached /home/hyliang/ENV/CONF/.antigen/bundles/robbyrussell/oh-my-zsh/lib/bzr.zsh /home/hyliang/ENV/CONF/.antigen/bundles/robbyrussell/oh-my-zsh/lib/clipboard.zsh /home/hyliang/ENV/CONF/.antigen/bundles/robbyrussell/oh-my-zsh/lib/compfix.zsh /home/hyliang/ENV/CONF/.antigen/bundles/robbyrussell/oh-my-zsh/lib/completion.zsh /home/hyliang/ENV/CONF/.antigen/bundles/robbyrussell/oh-my-zsh/lib/correction.zsh /home/hyliang/ENV/CONF/.antigen/bundles/robbyrussell/oh-my-zsh/lib/diagnostics.zsh /home/hyliang/ENV/CONF/.antigen/bundles/robbyrussell/oh-my-zsh/lib/directories.zsh /home/hyliang/ENV/CONF/.antigen/bundles/robbyrussell/oh-my-zsh/lib/functions.zsh /home/hyliang/ENV/CONF/.antigen/bundles/robbyrussell/oh-my-zsh/lib/git.zsh /home/hyliang/ENV/CONF/.antigen/bundles/robbyrussell/oh-my-zsh/lib/grep.zsh /home/hyliang/ENV/CONF/.antigen/bundles/robbyrussell/oh-my-zsh/lib/history.zsh /home/hyliang/ENV/CONF/.antigen/bundles/robbyrussell/oh-my-zsh/lib/key-bindings.zsh /home/hyliang/ENV/CONF/.antigen/bundles/robbyrussell/oh-my-zsh/lib/misc.zsh /home/hyliang/ENV/CONF/.antigen/bundles/robbyrussell/oh-my-zsh/lib/nvm.zsh /home/hyliang/ENV/CONF/.antigen/bundles/robbyrussell/oh-my-zsh/lib/prompt_info_functions.zsh /home/hyliang/ENV/CONF/.antigen/bundles/robbyrussell/oh-my-zsh/lib/spectrum.zsh /home/hyliang/ENV/CONF/.antigen/bundles/robbyrussell/oh-my-zsh/lib/termsupport.zsh /home/hyliang/ENV/CONF/.antigen/bundles/robbyrussell/oh-my-zsh/lib/theme-and-appearance.zsh
[WRN][1551172217.0561077595] /home/hyliang/ENV/CONF/.local/bin/antigen.zsh:1509
[WRN][1551172217.0561077595] Replaced hooked function.
[LOG][1551172217.0561542511] /home/hyliang/ENV/CONF/.local/bin/antigen.zsh:1518
[LOG][1551172217.0561542511] Return from hook -antigen-load-source with 0
[LOG][1551172217.0562434196] /home/hyliang/ENV/CONF/.local/bin/antigen.zsh:1518
[LOG][1551172217.0562434196] Return from hook antigen-bundle with 0
[WRN][1551172217.0564060211] /home/hyliang/ENV/CONF/.local/bin/antigen.zsh:1469
[WRN][1551172217.0564060211] Updated meta: target antigen-bundle mode repeat type pre called 28
[WRN][1551172217.0564587116] /home/hyliang/ENV/CONF/.local/bin/antigen.zsh:1484
[WRN][1551172217.0564587116] Processing hooks: antigen-bundle-cached
[WRN][1551172217.0564968586] /home/hyliang/ENV/CONF/.local/bin/antigen.zsh:1487
[WRN][1551172217.0564968586] Pre hook: antigen-bundle-cached pip
[WRN][1551172217.0565581322] /home/hyliang/ENV/CONF/.local/bin/antigen.zsh:1505
[WRN][1551172217.0565581322] -antigen-hook-antigen-bundle pip
[TRA][1551172217.0565981865] /home/hyliang/ENV/CONF/.local/bin/antigen.zsh:2
[TRA][1551172217.0565981865] Called antigen-bundle with pip BUNDLE
[TRA][1551172217.0565981865] TRACE
-antigen-hook-antigen-bundle
-antigen-hook-handler
antigen-bundle
antigen-bundle-parallel-execute
antigen-apply-parallel-execute
-antigen-hook-handler
antigen-apply
-antigen-hook-antigen
-antigen-hook-handler
antigen
/home/hyliang/ENV/shareENV/shell_config/.zshrc
/home/hyliang/ENV/CONF/.zshrc
[WRN][1551172217.0572626591] /home/hyliang/ENV/CONF/.local/bin/antigen.zsh:1469
[WRN][1551172217.0572626591] Updated meta: target -antigen-load-env mode repeat type replace called 2
[WRN][1551172217.0573346615] /home/hyliang/ENV/CONF/.local/bin/antigen.zsh:1484
[WRN][1551172217.0573346615] Processing hooks: -antigen-load-env-cached
[WRN][1551172217.0574028492] /home/hyliang/ENV/CONF/.local/bin/antigen.zsh:1498
[WRN][1551172217.0574028492] Replace hook: -antigen-load-env-cached dir /home/hyliang/ENV/CONF/.antigen/bundles/robbyrussell/oh-my-zsh btype plugin url https://github.com/robbyrussell/oh-my-zsh.git loc plugins/pip name robbyrussell/oh-my-zsh make_local_clone true
[WRN][1551172217.0574972630] /home/hyliang/ENV/CONF/.local/bin/antigen.zsh:1509
[WRN][1551172217.0574972630] Replaced hooked function.
[LOG][1551172217.0575408936] /home/hyliang/ENV/CONF/.local/bin/antigen.zsh:1518
[LOG][1551172217.0575408936] Return from hook -antigen-load-env with 0
[WRN][1551172217.0576891899] /home/hyliang/ENV/CONF/.local/bin/antigen.zsh:1469
[WRN][1551172217.0576891899] Updated meta: target -antigen-load-source mode repeat type replace called 2
[WRN][1551172217.0577540398] /home/hyliang/ENV/CONF/.local/bin/antigen.zsh:1484
[WRN][1551172217.0577540398] Processing hooks: -antigen-load-source-cached
[WRN][1551172217.0578196049] /home/hyliang/ENV/CONF/.local/bin/antigen.zsh:1498
[WRN][1551172217.0578196049] Replace hook: -antigen-load-source-cached /home/hyliang/ENV/CONF/.antigen/bundles/robbyrussell/oh-my-zsh/plugins/pip/pip.plugin.zsh
[WRN][1551172217.0578832626] /home/hyliang/ENV/CONF/.local/bin/antigen.zsh:1509
[WRN][1551172217.0578832626] Replaced hooked function.
[LOG][1551172217.0579266548] /home/hyliang/ENV/CONF/.local/bin/antigen.zsh:1518
[LOG][1551172217.0579266548] Return from hook -antigen-load-source with 0
[LOG][1551172217.0580239296] /home/hyliang/ENV/CONF/.local/bin/antigen.zsh:1518
[LOG][1551172217.0580239296] Return from hook antigen-bundle with 0
[WRN][1551172217.0581607819] /home/hyliang/ENV/CONF/.local/bin/antigen.zsh:1469
[WRN][1551172217.0581607819] Updated meta: target antigen-bundle mode repeat type pre called 29
[WRN][1551172217.0582175255] /home/hyliang/ENV/CONF/.local/bin/antigen.zsh:1484
[WRN][1551172217.0582175255] Processing hooks: antigen-bundle-cached
[WRN][1551172217.0582580566] /home/hyliang/ENV/CONF/.local/bin/antigen.zsh:1487
[WRN][1551172217.0582580566] Pre hook: antigen-bundle-cached svn-fast-info
[WRN][1551172217.0583198071] /home/hyliang/ENV/CONF/.local/bin/antigen.zsh:1505
[WRN][1551172217.0583198071] -antigen-hook-antigen-bundle svn-fast-info
[TRA][1551172217.0583598614] /home/hyliang/ENV/CONF/.local/bin/antigen.zsh:2
[TRA][1551172217.0583598614] Called antigen-bundle with svn-fast-info BUNDLE
[TRA][1551172217.0583598614] TRACE
-antigen-hook-antigen-bundle
-antigen-hook-handler
antigen-bundle
antigen-bundle-parallel-execute
antigen-apply-parallel-execute
-antigen-hook-handler
antigen-apply
-antigen-hook-antigen
-antigen-hook-handler
antigen
/home/hyliang/ENV/shareENV/shell_config/.zshrc
/home/hyliang/ENV/CONF/.zshrc
[WRN][1551172217.0589623451] /home/hyliang/ENV/CONF/.local/bin/antigen.zsh:1469
[WRN][1551172217.0589623451] Updated meta: target -antigen-load-env mode repeat type replace called 3
[WRN][1551172217.0590281487] /home/hyliang/ENV/CONF/.local/bin/antigen.zsh:1484
[WRN][1551172217.0590281487] Processing hooks: -antigen-load-env-cached
[WRN][1551172217.0590989590] /home/hyliang/ENV/CONF/.local/bin/antigen.zsh:1498
[WRN][1551172217.0590989590] Replace hook: -antigen-load-env-cached dir /home/hyliang/ENV/CONF/.antigen/bundles/robbyrussell/oh-my-zsh btype plugin url https://github.com/robbyrussell/oh-my-zsh.git loc plugins/svn-fast-info name robbyrussell/oh-my-zsh make_local_clone true
[WRN][1551172217.0591952801] /home/hyliang/ENV/CONF/.local/bin/antigen.zsh:1509
[WRN][1551172217.0591952801] Replaced hooked function.
[LOG][1551172217.0592391491] /home/hyliang/ENV/CONF/.local/bin/antigen.zsh:1518
[LOG][1551172217.0592391491] Return from hook -antigen-load-env with 0
[WRN][1551172217.0593826771] /home/hyliang/ENV/CONF/.local/bin/antigen.zsh:1469
[WRN][1551172217.0593826771] Updated meta: target -antigen-load-source mode repeat type replace called 3
[WRN][1551172217.0594389439] /home/hyliang/ENV/CONF/.local/bin/antigen.zsh:1484
[WRN][1551172217.0594389439] Processing hooks: -antigen-load-source-cached
[WRN][1551172217.0594964027] /home/hyliang/ENV/CONF/.local/bin/antigen.zsh:1498
[WRN][1551172217.0594964027] Replace hook: -antigen-load-source-cached /home/hyliang/ENV/CONF/.antigen/bundles/robbyrussell/oh-my-zsh/plugins/svn-fast-info/svn-fast-info.plugin.zsh
[WRN][1551172217.0595557690] /home/hyliang/ENV/CONF/.local/bin/antigen.zsh:1509
[WRN][1551172217.0595557690] Replaced hooked function.
[LOG][1551172217.0595970154] /home/hyliang/ENV/CONF/.local/bin/antigen.zsh:1518
[LOG][1551172217.0595970154] Return from hook -antigen-load-source with 0
[LOG][1551172217.0596745014] /home/hyliang/ENV/CONF/.local/bin/antigen.zsh:1518
[LOG][1551172217.0596745014] Return from hook antigen-bundle with 0
[WRN][1551172217.0598144531] /home/hyliang/ENV/CONF/.local/bin/antigen.zsh:1469
[WRN][1551172217.0598144531] Updated meta: target antigen-bundle mode repeat type pre called 30
[WRN][1551172217.0598645210] /home/hyliang/ENV/CONF/.local/bin/antigen.zsh:1484
[WRN][1551172217.0598645210] Processing hooks: antigen-bundle-cached
[WRN][1551172217.0599033833] /home/hyliang/ENV/CONF/.local/bin/antigen.zsh:1487
[WRN][1551172217.0599033833] Pre hook: antigen-bundle-cached colorize
[WRN][1551172217.0599648952] /home/hyliang/ENV/CONF/.local/bin/antigen.zsh:1505
[WRN][1551172217.0599648952] -antigen-hook-antigen-bundle colorize
[TRA][1551172217.0600039959] /home/hyliang/ENV/CONF/.local/bin/antigen.zsh:2
[TRA][1551172217.0600039959] Called antigen-bundle with colorize BUNDLE
[TRA][1551172217.0600039959] TRACE
-antigen-hook-antigen-bundle
-antigen-hook-handler
antigen-bundle
antigen-bundle-parallel-execute
antigen-apply-parallel-execute
-antigen-hook-handler
antigen-apply
-antigen-hook-antigen
-antigen-hook-handler
antigen
/home/hyliang/ENV/shareENV/shell_config/.zshrc
/home/hyliang/ENV/CONF/.zshrc
[WRN][1551172217.0606019497] /home/hyliang/ENV/CONF/.local/bin/antigen.zsh:1469
[WRN][1551172217.0606019497] Updated meta: target -antigen-load-env mode repeat type replace called 4
[WRN][1551172217.0606698990] /home/hyliang/ENV/CONF/.local/bin/antigen.zsh:1484
[WRN][1551172217.0606698990] Processing hooks: -antigen-load-env-cached
[WRN][1551172217.0607392788] /home/hyliang/ENV/CONF/.local/bin/antigen.zsh:1498
[WRN][1551172217.0607392788] Replace hook: -antigen-load-env-cached dir /home/hyliang/ENV/CONF/.antigen/bundles/robbyrussell/oh-my-zsh btype plugin url https://github.com/robbyrussell/oh-my-zsh.git loc plugins/colorize name robbyrussell/oh-my-zsh make_local_clone true
[WRN][1551172217.0608353615] /home/hyliang/ENV/CONF/.local/bin/antigen.zsh:1509
[WRN][1551172217.0608353615] Replaced hooked function.
[LOG][1551172217.0608990192] /home/hyliang/ENV/CONF/.local/bin/antigen.zsh:1518
[LOG][1551172217.0608990192] Return from hook -antigen-load-env with 0
[WRN][1551172217.0610446930] /home/hyliang/ENV/CONF/.local/bin/antigen.zsh:1469
[WRN][1551172217.0610446930] Updated meta: target -antigen-load-source mode repeat type replace called 4
[WRN][1551172217.0611150265] /home/hyliang/ENV/CONF/.local/bin/antigen.zsh:1484
[WRN][1551172217.0611150265] Processing hooks: -antigen-load-source-cached
[WRN][1551172217.0611884594] /home/hyliang/ENV/CONF/.local/bin/antigen.zsh:1498
[WRN][1551172217.0611884594] Replace hook: -antigen-load-source-cached /home/hyliang/ENV/CONF/.antigen/bundles/robbyrussell/oh-my-zsh/plugins/colorize/colorize.plugin.zsh
[WRN][1551172217.0612509251] /home/hyliang/ENV/CONF/.local/bin/antigen.zsh:1509
[WRN][1551172217.0612509251] Replaced hooked function.
[LOG][1551172217.0612924099] /home/hyliang/ENV/CONF/.local/bin/antigen.zsh:1518
[LOG][1551172217.0612924099] Return from hook -antigen-load-source with 0
[LOG][1551172217.0613706112] /home/hyliang/ENV/CONF/.local/bin/antigen.zsh:1518
[LOG][1551172217.0613706112] Return from hook antigen-bundle with 0
[WRN][1551172217.0615091324] /home/hyliang/ENV/CONF/.local/bin/antigen.zsh:1469
[WRN][1551172217.0615091324] Updated meta: target antigen-bundle mode repeat type pre called 31
[WRN][1551172217.0615584850] /home/hyliang/ENV/CONF/.local/bin/antigen.zsh:1484
[WRN][1551172217.0615584850] Processing hooks: antigen-bundle-cached
[WRN][1551172217.0615963936] /home/hyliang/ENV/CONF/.local/bin/antigen.zsh:1487
[WRN][1551172217.0615963936] Pre hook: antigen-bundle-cached github
[WRN][1551172217.0616574287] /home/hyliang/ENV/CONF/.local/bin/antigen.zsh:1505
[WRN][1551172217.0616574287] -antigen-hook-antigen-bundle github
[TRA][1551172217.0616965294] /home/hyliang/ENV/CONF/.local/bin/antigen.zsh:2
[TRA][1551172217.0616965294] Called antigen-bundle with github BUNDLE
[TRA][1551172217.0616965294] TRACE
-antigen-hook-antigen-bundle
-antigen-hook-handler
antigen-bundle
antigen-bundle-parallel-execute
antigen-apply-parallel-execute
-antigen-hook-handler
antigen-apply
-antigen-hook-antigen
-antigen-hook-handler
antigen
/home/hyliang/ENV/shareENV/shell_config/.zshrc
/home/hyliang/ENV/CONF/.zshrc
[WRN][1551172217.0622851849] /home/hyliang/ENV/CONF/.local/bin/antigen.zsh:1469
[WRN][1551172217.0622851849] Updated meta: target -antigen-load-env mode repeat type replace called 5
[WRN][1551172217.0623500347] /home/hyliang/ENV/CONF/.local/bin/antigen.zsh:1484
[WRN][1551172217.0623500347] Processing hooks: -antigen-load-env-cached
[WRN][1551172217.0624179840] /home/hyliang/ENV/CONF/.local/bin/antigen.zsh:1498
[WRN][1551172217.0624179840] Replace hook: -antigen-load-env-cached dir /home/hyliang/ENV/CONF/.antigen/bundles/robbyrussell/oh-my-zsh btype plugin url https://github.com/robbyrussell/oh-my-zsh.git loc plugins/github name robbyrussell/oh-my-zsh make_local_clone true
[WRN][1551172217.0625145435] /home/hyliang/ENV/CONF/.local/bin/antigen.zsh:1509
[WRN][1551172217.0625145435] Replaced hooked function.
[LOG][1551172217.0625584126] /home/hyliang/ENV/CONF/.local/bin/antigen.zsh:1518
[LOG][1551172217.0625584126] Return from hook -antigen-load-env with 0
[WRN][1551172217.0627009869] /home/hyliang/ENV/CONF/.local/bin/antigen.zsh:1469
[WRN][1551172217.0627009869] Updated meta: target -antigen-load-source mode repeat type replace called 5
[WRN][1551172217.0627653599] /home/hyliang/ENV/CONF/.local/bin/antigen.zsh:1484
[WRN][1551172217.0627653599] Processing hooks: -antigen-load-source-cached
[WRN][1551172217.0628328323] /home/hyliang/ENV/CONF/.local/bin/antigen.zsh:1498
[WRN][1551172217.0628328323] Replace hook: -antigen-load-source-cached /home/hyliang/ENV/CONF/.antigen/bundles/robbyrussell/oh-my-zsh/plugins/github/github.plugin.zsh
[WRN][1551172217.0628972054] /home/hyliang/ENV/CONF/.local/bin/antigen.zsh:1509
[WRN][1551172217.0628972054] Replaced hooked function.
[LOG][1551172217.0629396439] /home/hyliang/ENV/CONF/.local/bin/antigen.zsh:1518
[LOG][1551172217.0629396439] Return from hook -antigen-load-source with 0
[LOG][1551172217.0630178452] /home/hyliang/ENV/CONF/.local/bin/antigen.zsh:1518
[LOG][1551172217.0630178452] Return from hook antigen-bundle with 0
[WRN][1551172217.0631637573] /home/hyliang/ENV/CONF/.local/bin/antigen.zsh:1469
[WRN][1551172217.0631637573] Updated meta: target antigen-bundle mode repeat type pre called 32
[WRN][1551172217.0632145405] /home/hyliang/ENV/CONF/.local/bin/antigen.zsh:1484
[WRN][1551172217.0632145405] Processing hooks: antigen-bundle-cached
[WRN][1551172217.0632529259] /home/hyliang/ENV/CONF/.local/bin/antigen.zsh:1487
[WRN][1551172217.0632529259] Pre hook: antigen-bundle-cached python
[WRN][1551172217.0633134842] /home/hyliang/ENV/CONF/.local/bin/antigen.zsh:1505
[WRN][1551172217.0633134842] -antigen-hook-antigen-bundle python
[TRA][1551172217.0633528233] /home/hyliang/ENV/CONF/.local/bin/antigen.zsh:2
[TRA][1551172217.0633528233] Called antigen-bundle with python BUNDLE
[TRA][1551172217.0633528233] TRACE
-antigen-hook-antigen-bundle
-antigen-hook-handler
antigen-bundle
antigen-bundle-parallel-execute
antigen-apply-parallel-execute
-antigen-hook-handler
antigen-apply
-antigen-hook-antigen
-antigen-hook-handler
antigen
/home/hyliang/ENV/shareENV/shell_config/.zshrc
/home/hyliang/ENV/CONF/.zshrc
[WRN][1551172217.0639121532] /home/hyliang/ENV/CONF/.local/bin/antigen.zsh:1469
[WRN][1551172217.0639121532] Updated meta: target -antigen-load-env mode repeat type replace called 6
[WRN][1551172217.0639755726] /home/hyliang/ENV/CONF/.local/bin/antigen.zsh:1484
[WRN][1551172217.0639755726] Processing hooks: -antigen-load-env-cached
[WRN][1551172217.0640439987] /home/hyliang/ENV/CONF/.local/bin/antigen.zsh:1498
[WRN][1551172217.0640439987] Replace hook: -antigen-load-env-cached dir /home/hyliang/ENV/CONF/.antigen/bundles/robbyrussell/oh-my-zsh btype plugin url https://github.com/robbyrussell/oh-my-zsh.git loc plugins/python name robbyrussell/oh-my-zsh make_local_clone true
[WRN][1551172217.0641388893] /home/hyliang/ENV/CONF/.local/bin/antigen.zsh:1509
[WRN][1551172217.0641388893] Replaced hooked function.
[LOG][1551172217.0641832352] /home/hyliang/ENV/CONF/.local/bin/antigen.zsh:1518
[LOG][1551172217.0641832352] Return from hook -antigen-load-env with 0
[WRN][1551172217.0643305779] /home/hyliang/ENV/CONF/.local/bin/antigen.zsh:1469
[WRN][1551172217.0643305779] Updated meta: target -antigen-load-source mode repeat type replace called 6
[WRN][1551172217.0643944740] /home/hyliang/ENV/CONF/.local/bin/antigen.zsh:1484
[WRN][1551172217.0643944740] Processing hooks: -antigen-load-source-cached
[WRN][1551172217.0644612312] /home/hyliang/ENV/CONF/.local/bin/antigen.zsh:1498
[WRN][1551172217.0644612312] Replace hook: -antigen-load-source-cached /home/hyliang/ENV/CONF/.antigen/bundles/robbyrussell/oh-my-zsh/plugins/python/python.plugin.zsh
[WRN][1551172217.0645248890] /home/hyliang/ENV/CONF/.local/bin/antigen.zsh:1509
[WRN][1551172217.0645248890] Replaced hooked function.
[LOG][1551172217.0645668507] /home/hyliang/ENV/CONF/.local/bin/antigen.zsh:1518
[LOG][1551172217.0645668507] Return from hook -antigen-load-source with 0
[LOG][1551172217.0646443367] /home/hyliang/ENV/CONF/.local/bin/antigen.zsh:1518
[LOG][1551172217.0646443367] Return from hook antigen-bundle with 0
[WRN][1551172217.0647788048] /home/hyliang/ENV/CONF/.local/bin/antigen.zsh:1469
[WRN][1551172217.0647788048] Updated meta: target antigen-bundle mode repeat type pre called 33
[WRN][1551172217.0648288727] /home/hyliang/ENV/CONF/.local/bin/antigen.zsh:1484
[WRN][1551172217.0648288727] Processing hooks: antigen-bundle-cached
[WRN][1551172217.0809793472] /home/hyliang/ENV/CONF/.local/bin/antigen.zsh:1487
[WRN][1551172217.0809793472] Pre hook: antigen-bundle-cached rupa/z z.sh
[WRN][1551172217.0810728073] /home/hyliang/ENV/CONF/.local/bin/antigen.zsh:1505
[WRN][1551172217.0810728073] -antigen-hook-antigen-bundle rupa/z z.sh
[TRA][1551172217.0811181068] /home/hyliang/ENV/CONF/.local/bin/antigen.zsh:2
[TRA][1551172217.0811181068] Called antigen-bundle with rupa/z z.sh BUNDLE
[TRA][1551172217.0811181068] TRACE
-antigen-hook-antigen-bundle
-antigen-hook-handler
antigen-bundle
antigen-bundle-parallel-execute
antigen-apply-parallel-execute
-antigen-hook-handler
antigen-apply
-antigen-hook-antigen
-antigen-hook-handler
antigen
/home/hyliang/ENV/shareENV/shell_config/.zshrc
/home/hyliang/ENV/CONF/.zshrc
[WRN][1551172217.0816767216] /home/hyliang/ENV/CONF/.local/bin/antigen.zsh:1469
[WRN][1551172217.0816767216] Updated meta: target -antigen-load-env mode repeat type replace called 7
[WRN][1551172217.0817525387] /home/hyliang/ENV/CONF/.local/bin/antigen.zsh:1484
[WRN][1551172217.0817525387] Processing hooks: -antigen-load-env-cached
[WRN][1551172217.0818247795] /home/hyliang/ENV/CONF/.local/bin/antigen.zsh:1498
[WRN][1551172217.0818247795] Replace hook: -antigen-load-env-cached dir /home/hyliang/ENV/CONF/.antigen/bundles/rupa/z btype plugin url https://github.com/rupa/z.git loc z.sh name rupa/z make_local_clone true
[WRN][1551172217.0819268227] /home/hyliang/ENV/CONF/.local/bin/antigen.zsh:1509
[WRN][1551172217.0819268227] Replaced hooked function.
[LOG][1551172217.0819797516] /home/hyliang/ENV/CONF/.local/bin/antigen.zsh:1518
[LOG][1551172217.0819797516] Return from hook -antigen-load-env with 0
[WRN][1551172217.0821576118] /home/hyliang/ENV/CONF/.local/bin/antigen.zsh:1469
[WRN][1551172217.0821576118] Updated meta: target -antigen-load-source mode repeat type replace called 7
[WRN][1551172217.0822494030] /home/hyliang/ENV/CONF/.local/bin/antigen.zsh:1484
[WRN][1551172217.0822494030] Processing hooks: -antigen-load-source-cached
[WRN][1551172217.0823440552] /home/hyliang/ENV/CONF/.local/bin/antigen.zsh:1498
[WRN][1551172217.0823440552] Replace hook: -antigen-load-source-cached /home/hyliang/ENV/CONF/.antigen/bundles/rupa/z/z.sh
[WRN][1551172217.0824332237] /home/hyliang/ENV/CONF/.local/bin/antigen.zsh:1509
[WRN][1551172217.0824332237] Replaced hooked function.
[LOG][1551172217.0824837685] /home/hyliang/ENV/CONF/.local/bin/antigen.zsh:1518
[LOG][1551172217.0824837685] Return from hook -antigen-load-source with 0
[LOG][1551172217.0825996399] /home/hyliang/ENV/CONF/.local/bin/antigen.zsh:1518
[LOG][1551172217.0825996399] Return from hook antigen-bundle with 0
[WRN][1551172217.0828297138] /home/hyliang/ENV/CONF/.local/bin/antigen.zsh:1469
[WRN][1551172217.0828297138] Updated meta: target antigen-bundle mode repeat type pre called 34
[WRN][1551172217.0829207897] /home/hyliang/ENV/CONF/.local/bin/antigen.zsh:1484
[WRN][1551172217.0829207897] Processing hooks: antigen-bundle-cached
[WRN][1551172217.0829899311] /home/hyliang/ENV/CONF/.local/bin/antigen.zsh:1487
[WRN][1551172217.0829899311] Pre hook: antigen-bundle-cached zsh-users/zsh-autosuggestions
[WRN][1551172217.0830802917] /home/hyliang/ENV/CONF/.local/bin/antigen.zsh:1505
[WRN][1551172217.0830802917] -antigen-hook-antigen-bundle zsh-users/zsh-autosuggestions
[TRA][1551172217.0831508636] /home/hyliang/ENV/CONF/.local/bin/antigen.zsh:2
[TRA][1551172217.0831508636] Called antigen-bundle with zsh-users/zsh-autosuggestions BUNDLE
[TRA][1551172217.0831508636] TRACE
-antigen-hook-antigen-bundle
-antigen-hook-handler
antigen-bundle
antigen-bundle-parallel-execute
antigen-apply-parallel-execute
-antigen-hook-handler
antigen-apply
-antigen-hook-antigen
-antigen-hook-handler
antigen
/home/hyliang/ENV/shareENV/shell_config/.zshrc
/home/hyliang/ENV/CONF/.zshrc
[WRN][1551172217.0841205120] /home/hyliang/ENV/CONF/.local/bin/antigen.zsh:1469
[WRN][1551172217.0841205120] Updated meta: target -antigen-load-env mode repeat type replace called 8
[WRN][1551172217.0842216015] /home/hyliang/ENV/CONF/.local/bin/antigen.zsh:1484
[WRN][1551172217.0842216015] Processing hooks: -antigen-load-env-cached
[WRN][1551172217.0843331814] /home/hyliang/ENV/CONF/.local/bin/antigen.zsh:1498
[WRN][1551172217.0843331814] Replace hook: -antigen-load-env-cached dir /home/hyliang/ENV/CONF/.antigen/bundles/zsh-users/zsh-autosuggestions btype plugin url https://github.com/zsh-users/zsh-autosuggestions.git loc / name zsh-users/zsh-autosuggestions make_local_clone true
[WRN][1551172217.0844931602] /home/hyliang/ENV/CONF/.local/bin/antigen.zsh:1509
[WRN][1551172217.0844931602] Replaced hooked function.
[LOG][1551172217.0845670700] /home/hyliang/ENV/CONF/.local/bin/antigen.zsh:1518
[LOG][1551172217.0845670700] Return from hook -antigen-load-env with 0
[WRN][1551172217.0848035812] /home/hyliang/ENV/CONF/.local/bin/antigen.zsh:1469
[WRN][1551172217.0848035812] Updated meta: target -antigen-load-source mode repeat type replace called 8
[WRN][1551172217.0849471092] /home/hyliang/ENV/CONF/.local/bin/antigen.zsh:1484
[WRN][1551172217.0849471092] Processing hooks: -antigen-load-source-cached
[WRN][1551172217.0850467682] /home/hyliang/ENV/CONF/.local/bin/antigen.zsh:1498
[WRN][1551172217.0850467682] Replace hook: -antigen-load-source-cached /home/hyliang/ENV/CONF/.antigen/bundles/zsh-users/zsh-autosuggestions///zsh-autosuggestions.plugin.zsh
[WRN][1551172217.0851521492] /home/hyliang/ENV/CONF/.local/bin/antigen.zsh:1509
[WRN][1551172217.0851521492] Replaced hooked function.
[LOG][1551172217.0852265358] /home/hyliang/ENV/CONF/.local/bin/antigen.zsh:1518
[LOG][1551172217.0852265358] Return from hook -antigen-load-source with 0
[LOG][1551172217.0853536129] /home/hyliang/ENV/CONF/.local/bin/antigen.zsh:1518
[LOG][1551172217.0853536129] Return from hook antigen-bundle with 0
[WRN][1551172217.0855810642] /home/hyliang/ENV/CONF/.local/bin/antigen.zsh:1469
[WRN][1551172217.0855810642] Updated meta: target antigen-bundle mode repeat type pre called 35
[WRN][1551172217.0856666565] /home/hyliang/ENV/CONF/.local/bin/antigen.zsh:1484
[WRN][1551172217.0856666565] Processing hooks: antigen-bundle-cached
[WRN][1551172217.0857322216] /home/hyliang/ENV/CONF/.local/bin/antigen.zsh:1487
[WRN][1551172217.0857322216] Pre hook: antigen-bundle-cached zsh-users/zsh-completions
[WRN][1551172217.0858345032] /home/hyliang/ENV/CONF/.local/bin/antigen.zsh:1505
[WRN][1551172217.0858345032] -antigen-hook-antigen-bundle zsh-users/zsh-completions
[TRA][1551172217.0859026909] /home/hyliang/ENV/CONF/.local/bin/antigen.zsh:2
[TRA][1551172217.0859026909] Called antigen-bundle with zsh-users/zsh-completions BUNDLE
[TRA][1551172217.0859026909] TRACE
-antigen-hook-antigen-bundle
-antigen-hook-handler
antigen-bundle
antigen-bundle-parallel-execute
antigen-apply-parallel-execute
-antigen-hook-handler
antigen-apply
-antigen-hook-antigen
-antigen-hook-handler
antigen
/home/hyliang/ENV/shareENV/shell_config/.zshrc
/home/hyliang/ENV/CONF/.zshrc
[WRN][1551172217.0868523121] /home/hyliang/ENV/CONF/.local/bin/antigen.zsh:1469
[WRN][1551172217.0868523121] Updated meta: target -antigen-load-env mode repeat type replace called 9
[WRN][1551172217.0869579315] /home/hyliang/ENV/CONF/.local/bin/antigen.zsh:1484
[WRN][1551172217.0869579315] Processing hooks: -antigen-load-env-cached
[WRN][1551172217.0870678425] /home/hyliang/ENV/CONF/.local/bin/antigen.zsh:1498
[WRN][1551172217.0870678425] Replace hook: -antigen-load-env-cached dir /home/hyliang/ENV/CONF/.antigen/bundles/zsh-users/zsh-completions btype plugin url https://github.com/zsh-users/zsh-completions.git loc / name zsh-users/zsh-completions make_local_clone true
[WRN][1551172217.0872220993] /home/hyliang/ENV/CONF/.local/bin/antigen.zsh:1509
[WRN][1551172217.0872220993] Replaced hooked function.
[LOG][1551172217.0872962475] /home/hyliang/ENV/CONF/.local/bin/antigen.zsh:1518
[LOG][1551172217.0872962475] Return from hook -antigen-load-env with 0
[WRN][1551172217.0875368118] /home/hyliang/ENV/CONF/.local/bin/antigen.zsh:1469
[WRN][1551172217.0875368118] Updated meta: target -antigen-load-source mode repeat type replace called 9
[WRN][1551172217.0876367092] /home/hyliang/ENV/CONF/.local/bin/antigen.zsh:1484
[WRN][1551172217.0876367092] Processing hooks: -antigen-load-source-cached
[WRN][1551172217.0877289772] /home/hyliang/ENV/CONF/.local/bin/antigen.zsh:1498
[WRN][1551172217.0877289772] Replace hook: -antigen-load-source-cached /home/hyliang/ENV/CONF/.antigen/bundles/zsh-users/zsh-completions///zsh-completions.plugin.zsh
[WRN][1551172217.0878160000] /home/hyliang/ENV/CONF/.local/bin/antigen.zsh:1509
[WRN][1551172217.0878160000] Replaced hooked function.
[LOG][1551172217.0878815651] /home/hyliang/ENV/CONF/.local/bin/antigen.zsh:1518
[LOG][1551172217.0878815651] Return from hook -antigen-load-source with 0
[LOG][1551172217.0880019665] /home/hyliang/ENV/CONF/.local/bin/antigen.zsh:1518
[LOG][1551172217.0880019665] Return from hook antigen-bundle with 0
[WRN][1551172217.0882210732] /home/hyliang/ENV/CONF/.local/bin/antigen.zsh:1469
[WRN][1551172217.0882210732] Updated meta: target antigen-bundle mode repeat type pre called 36
[WRN][1551172217.0883080959] /home/hyliang/ENV/CONF/.local/bin/antigen.zsh:1484
[WRN][1551172217.0883080959] Processing hooks: antigen-bundle-cached
[WRN][1551172217.0883691311] /home/hyliang/ENV/CONF/.local/bin/antigen.zsh:1487
[WRN][1551172217.0883691311] Pre hook: antigen-bundle-cached Vifon/deer
[WRN][1551172217.0884625912] /home/hyliang/ENV/CONF/.local/bin/antigen.zsh:1505
[WRN][1551172217.0884625912] -antigen-hook-antigen-bundle Vifon/deer
[TRA][1551172217.0885293484] /home/hyliang/ENV/CONF/.local/bin/antigen.zsh:2
[TRA][1551172217.0885293484] Called antigen-bundle with Vifon/deer BUNDLE
[TRA][1551172217.0885293484] TRACE
-antigen-hook-antigen-bundle
-antigen-hook-handler
antigen-bundle
antigen-bundle-parallel-execute
antigen-apply-parallel-execute
-antigen-hook-handler
antigen-apply
-antigen-hook-antigen
-antigen-hook-handler
antigen
/home/hyliang/ENV/shareENV/shell_config/.zshrc
/home/hyliang/ENV/CONF/.zshrc
[WRN][1551172217.1053817272] /home/hyliang/ENV/CONF/.local/bin/antigen.zsh:1469
[WRN][1551172217.1053817272] Updated meta: target -antigen-load-env mode repeat type replace called 10
[WRN][1551172217.1054682732] /home/hyliang/ENV/CONF/.local/bin/antigen.zsh:1484
[WRN][1551172217.1054682732] Processing hooks: -antigen-load-env-cached
[WRN][1551172217.1055407524] /home/hyliang/ENV/CONF/.local/bin/antigen.zsh:1498
[WRN][1551172217.1055407524] Replace hook: -antigen-load-env-cached dir /home/hyliang/ENV/CONF/.antigen/bundles/Vifon/deer btype plugin url https://github.com/Vifon/deer.git loc / name Vifon/deer make_local_clone true
[WRN][1551172217.1056406498] /home/hyliang/ENV/CONF/.local/bin/antigen.zsh:1509
[WRN][1551172217.1056406498] Replaced hooked function.
[LOG][1551172217.1056923866] /home/hyliang/ENV/CONF/.local/bin/antigen.zsh:1518
[LOG][1551172217.1056923866] Return from hook -antigen-load-env with 0
[WRN][1551172217.1058447361] /home/hyliang/ENV/CONF/.local/bin/antigen.zsh:1469
[WRN][1551172217.1058447361] Updated meta: target -antigen-load-source mode repeat type replace called 10
[WRN][1551172217.1059007645] /home/hyliang/ENV/CONF/.local/bin/antigen.zsh:1484
[WRN][1551172217.1059007645] Processing hooks: -antigen-load-source-cached
[WRN][1551172217.1059565544] /home/hyliang/ENV/CONF/.local/bin/antigen.zsh:1498
[WRN][1551172217.1059565544] Replace hook: -antigen-load-source-cached
[WRN][1551172217.1060252190] /home/hyliang/ENV/CONF/.local/bin/antigen.zsh:1509
[WRN][1551172217.1060252190] Replaced hooked function.
[LOG][1551172217.1060669422] /home/hyliang/ENV/CONF/.local/bin/antigen.zsh:1518
[LOG][1551172217.1060669422] Return from hook -antigen-load-source with 0
[LOG][1551172217.1061599255] /home/hyliang/ENV/CONF/.local/bin/antigen.zsh:1518
[LOG][1551172217.1061599255] Return from hook antigen-bundle with 0
[WRN][1551172217.1063067913] /home/hyliang/ENV/CONF/.local/bin/antigen.zsh:1469
[WRN][1551172217.1063067913] Updated meta: target antigen-bundle mode repeat type pre called 37
[WRN][1551172217.1063573360] /home/hyliang/ENV/CONF/.local/bin/antigen.zsh:1484
[WRN][1551172217.1063573360] Processing hooks: antigen-bundle-cached
[WRN][1551172217.1063966751] /home/hyliang/ENV/CONF/.local/bin/antigen.zsh:1487
[WRN][1551172217.1063966751] Pre hook: antigen-bundle-cached willghatch/zsh-cdr
[WRN][1551172217.1064596176] /home/hyliang/ENV/CONF/.local/bin/antigen.zsh:1505
[WRN][1551172217.1064596176] -antigen-hook-antigen-bundle willghatch/zsh-cdr
[TRA][1551172217.1064999104] /home/hyliang/ENV/CONF/.local/bin/antigen.zsh:2
[TRA][1551172217.1064999104] Called antigen-bundle with willghatch/zsh-cdr BUNDLE
[TRA][1551172217.1064999104] TRACE
-antigen-hook-antigen-bundle
-antigen-hook-handler
antigen-bundle
antigen-bundle-parallel-execute
antigen-apply-parallel-execute
-antigen-hook-handler
antigen-apply
-antigen-hook-antigen
-antigen-hook-handler
antigen
/home/hyliang/ENV/shareENV/shell_config/.zshrc
/home/hyliang/ENV/CONF/.zshrc
[WRN][1551172217.1070764065] /home/hyliang/ENV/CONF/.local/bin/antigen.zsh:1469
[WRN][1551172217.1070764065] Updated meta: target -antigen-load-env mode repeat type replace called 11
[WRN][1551172217.1071407795] /home/hyliang/ENV/CONF/.local/bin/antigen.zsh:1484
[WRN][1551172217.1071407795] Processing hooks: -antigen-load-env-cached
[WRN][1551172217.1072101593] /home/hyliang/ENV/CONF/.local/bin/antigen.zsh:1498
[WRN][1551172217.1072101593] Replace hook: -antigen-load-env-cached dir /home/hyliang/ENV/CONF/.antigen/bundles/willghatch/zsh-cdr btype plugin url https://github.com/willghatch/zsh-cdr.git loc / name willghatch/zsh-cdr make_local_clone true
[WRN][1551172217.1073091030] /home/hyliang/ENV/CONF/.local/bin/antigen.zsh:1509
[WRN][1551172217.1073091030] Replaced hooked function.
[LOG][1551172217.1073529720] /home/hyliang/ENV/CONF/.local/bin/antigen.zsh:1518
[LOG][1551172217.1073529720] Return from hook -antigen-load-env with 0
[WRN][1551172217.1074962616] /home/hyliang/ENV/CONF/.local/bin/antigen.zsh:1469
[WRN][1551172217.1074962616] Updated meta: target -antigen-load-source mode repeat type replace called 11
[WRN][1551172217.1075596809] /home/hyliang/ENV/CONF/.local/bin/antigen.zsh:1484
[WRN][1551172217.1075596809] Processing hooks: -antigen-load-source-cached
[WRN][1551172217.1076254845] /home/hyliang/ENV/CONF/.local/bin/antigen.zsh:1498
[WRN][1551172217.1076254845] Replace hook: -antigen-load-source-cached /home/hyliang/ENV/CONF/.antigen/bundles/willghatch/zsh-cdr///cdr.plugin.zsh
[WRN][1551172217.1076886654] /home/hyliang/ENV/CONF/.local/bin/antigen.zsh:1509
[WRN][1551172217.1076886654] Replaced hooked function.
[LOG][1551172217.1077299118] /home/hyliang/ENV/CONF/.local/bin/antigen.zsh:1518
[LOG][1551172217.1077299118] Return from hook -antigen-load-source with 0
[LOG][1551172217.1078093052] /home/hyliang/ENV/CONF/.local/bin/antigen.zsh:1518
[LOG][1551172217.1078093052] Return from hook antigen-bundle with 0
[WRN][1551172217.1079514027] /home/hyliang/ENV/CONF/.local/bin/antigen.zsh:1469
[WRN][1551172217.1079514027] Updated meta: target antigen-bundle mode repeat type pre called 38
[WRN][1551172217.1080014706] /home/hyliang/ENV/CONF/.local/bin/antigen.zsh:1484
[WRN][1551172217.1080014706] Processing hooks: antigen-bundle-cached
[WRN][1551172217.1080396175] /home/hyliang/ENV/CONF/.local/bin/antigen.zsh:1487
[WRN][1551172217.1080396175] Pre hook: antigen-bundle-cached --loc=themes/agnoster --btype=theme
[WRN][1551172217.1081027985] /home/hyliang/ENV/CONF/.local/bin/antigen.zsh:1505
[WRN][1551172217.1081027985] -antigen-hook-antigen-bundle --loc=themes/agnoster --btype=theme
[TRA][1551172217.1081438065] /home/hyliang/ENV/CONF/.local/bin/antigen.zsh:2
[TRA][1551172217.1081438065] Called antigen-bundle with --loc=themes/agnoster --btype=theme BUNDLE
[TRA][1551172217.1081438065] TRACE
-antigen-hook-antigen-bundle
-antigen-hook-handler
antigen-bundle
antigen-bundle-parallel-execute
antigen-apply-parallel-execute
-antigen-hook-handler
antigen-apply
-antigen-hook-antigen
-antigen-hook-handler
antigen
/home/hyliang/ENV/shareENV/shell_config/.zshrc
/home/hyliang/ENV/CONF/.zshrc
[WRN][1551172217.1086468697] /home/hyliang/ENV/CONF/.local/bin/antigen.zsh:1469
[WRN][1551172217.1086468697] Updated meta: target -antigen-load-env mode repeat type replace called 12
[WRN][1551172217.1087172031] /home/hyliang/ENV/CONF/.local/bin/antigen.zsh:1484
[WRN][1551172217.1087172031] Processing hooks: -antigen-load-env-cached
[WRN][1551172217.1087937355] /home/hyliang/ENV/CONF/.local/bin/antigen.zsh:1498
[WRN][1551172217.1087937355] Replace hook: -antigen-load-env-cached dir /home/hyliang/ENV/CONF/.antigen/bundles/robbyrussell/oh-my-zsh btype theme url https://github.com/robbyrussell/oh-my-zsh.git loc themes/agnoster.zsh-theme name robbyrussell/oh-my-zsh make_local_clone true
[WRN][1551172217.1089327335] /home/hyliang/ENV/CONF/.local/bin/antigen.zsh:1509
[WRN][1551172217.1089327335] Replaced hooked function.
[LOG][1551172217.1089863777] /home/hyliang/ENV/CONF/.local/bin/antigen.zsh:1518
[LOG][1551172217.1089863777] Return from hook -antigen-load-env with 0
[WRN][1551172217.1091282368] /home/hyliang/ENV/CONF/.local/bin/antigen.zsh:1469
[WRN][1551172217.1091282368] Updated meta: target -antigen-load-source mode repeat type replace called 12
[WRN][1551172217.1091897488] /home/hyliang/ENV/CONF/.local/bin/antigen.zsh:1484
[WRN][1551172217.1091897488] Processing hooks: -antigen-load-source-cached
[WRN][1551172217.1092548370] /home/hyliang/ENV/CONF/.local/bin/antigen.zsh:1498
[WRN][1551172217.1092548370] Replace hook: -antigen-load-source-cached /home/hyliang/ENV/CONF/.antigen/bundles/robbyrussell/oh-my-zsh/themes/agnoster.zsh-theme
[WRN][1551172217.1093220711] /home/hyliang/ENV/CONF/.local/bin/antigen.zsh:1509
[WRN][1551172217.1093220711] Replaced hooked function.
[LOG][1551172217.1093719006] /home/hyliang/ENV/CONF/.local/bin/antigen.zsh:1518
[LOG][1551172217.1093719006] Return from hook -antigen-load-source with 0
[LOG][1551172217.1094555855] /home/hyliang/ENV/CONF/.local/bin/antigen.zsh:1518
[LOG][1551172217.1094555855] Return from hook antigen-bundle with 0
[WRN][1551172217.1095912457] /home/hyliang/ENV/CONF/.local/bin/antigen.zsh:1469
[WRN][1551172217.1095912457] Updated meta: target antigen-bundle mode repeat type pre called 39
[WRN][1551172217.1096408367] /home/hyliang/ENV/CONF/.local/bin/antigen.zsh:1484
[WRN][1551172217.1096408367] Processing hooks: antigen-bundle-cached
[WRN][1551172217.1096787453] /home/hyliang/ENV/CONF/.local/bin/antigen.zsh:1487
[WRN][1551172217.1096787453] Pre hook: antigen-bundle-cached zsh-users/zsh-syntax-highlighting
[WRN][1551172217.1097402573] /home/hyliang/ENV/CONF/.local/bin/antigen.zsh:1505
[WRN][1551172217.1097402573] -antigen-hook-antigen-bundle zsh-users/zsh-syntax-highlighting
[TRA][1551172217.1097800732] /home/hyliang/ENV/CONF/.local/bin/antigen.zsh:2
[TRA][1551172217.1097800732] Called antigen-bundle with zsh-users/zsh-syntax-highlighting BUNDLE
[TRA][1551172217.1097800732] TRACE
-antigen-hook-antigen-bundle
-antigen-hook-handler
antigen-bundle
antigen-bundle-parallel-execute
antigen-apply-parallel-execute
-antigen-hook-handler
antigen-apply
-antigen-hook-antigen
-antigen-hook-handler
antigen
/home/hyliang/ENV/shareENV/shell_config/.zshrc
/home/hyliang/ENV/CONF/.zshrc
[WRN][1551172217.1103899479] /home/hyliang/ENV/CONF/.local/bin/antigen.zsh:1469
[WRN][1551172217.1103899479] Updated meta: target -antigen-load-env mode repeat type replace called 13
[WRN][1551172217.1104555130] /home/hyliang/ENV/CONF/.local/bin/antigen.zsh:1484
[WRN][1551172217.1104555130] Processing hooks: -antigen-load-env-cached
[WRN][1551172217.1105256081] /home/hyliang/ENV/CONF/.local/bin/antigen.zsh:1498
[WRN][1551172217.1105256081] Replace hook: -antigen-load-env-cached dir /home/hyliang/ENV/CONF/.antigen/bundles/zsh-users/zsh-syntax-highlighting btype plugin url https://github.com/zsh-users/zsh-syntax-highlighting.git loc / name zsh-users/zsh-syntax-highlighting make_local_clone true
[WRN][1551172217.1106276512] /home/hyliang/ENV/CONF/.local/bin/antigen.zsh:1509
[WRN][1551172217.1106276512] Replaced hooked function.
[LOG][1551172217.1106719971] /home/hyliang/ENV/CONF/.local/bin/antigen.zsh:1518
[LOG][1551172217.1106719971] Return from hook -antigen-load-env with 0
[WRN][1551172217.1108174324] /home/hyliang/ENV/CONF/.local/bin/antigen.zsh:1469
[WRN][1551172217.1108174324] Updated meta: target -antigen-load-source mode repeat type replace called 13
[WRN][1551172217.1108732224] /home/hyliang/ENV/CONF/.local/bin/antigen.zsh:1484
[WRN][1551172217.1108732224] Processing hooks: -antigen-load-source-cached
[WRN][1551172217.1109321117] /home/hyliang/ENV/CONF/.local/bin/antigen.zsh:1498
[WRN][1551172217.1109321117] Replace hook: -antigen-load-source-cached /home/hyliang/ENV/CONF/.antigen/bundles/zsh-users/zsh-syntax-highlighting///zsh-syntax-highlighting.plugin.zsh
[WRN][1551172217.1110022068] /home/hyliang/ENV/CONF/.local/bin/antigen.zsh:1509
[WRN][1551172217.1110022068] Replaced hooked function.
[LOG][1551172217.1110441685] /home/hyliang/ENV/CONF/.local/bin/antigen.zsh:1518
[LOG][1551172217.1110441685] Return from hook -antigen-load-source with 0
[LOG][1551172217.1111268997] /home/hyliang/ENV/CONF/.local/bin/antigen.zsh:1518
[LOG][1551172217.1111268997] Return from hook antigen-bundle with 0
[WRN][1551172217.1111867428] /home/hyliang/ENV/CONF/.local/bin/antigen.zsh:48
[WRN][1551172217.1111867428] Parallel install done PARALLEL
[WRN][1551172217.1113924980] /home/hyliang/ENV/CONF/.local/bin/antigen.zsh:1462
[WRN][1551172217.1113924980] Ignoring hook due to mode once: antigen-apply-lock
[WRN][1551172217.1114597321] /home/hyliang/ENV/CONF/.local/bin/antigen.zsh:1462
[WRN][1551172217.1114597321] Ignoring hook due to mode once: antigen-apply-parallel
[WRN][1551172217.1115233898] /home/hyliang/ENV/CONF/.local/bin/antigen.zsh:1462
[WRN][1551172217.1115233898] Ignoring hook due to mode once: antigen-apply-defer
[WRN][1551172217.1115851402] /home/hyliang/ENV/CONF/.local/bin/antigen.zsh:1462
[WRN][1551172217.1115851402] Ignoring hook due to mode once: antigen-apply-cached
[WRN][1551172217.1116280556] /home/hyliang/ENV/CONF/.local/bin/antigen.zsh:1484
[WRN][1551172217.1116280556] Processing hooks: antigen-apply-lock antigen-apply-parallel antigen-apply-defer antigen-apply-cached
[WRN][1551172217.1116867065] /home/hyliang/ENV/CONF/.local/bin/antigen.zsh:1505
[WRN][1551172217.1116867065] -antigen-hook-antigen-apply 
[LOG][1551172217.1117265224] /home/hyliang/ENV/CONF/.local/bin/antigen.zsh:2
[LOG][1551172217.1117265224] Called antigen-apply
[TRA][1551172217.1117620468] /home/hyliang/ENV/CONF/.local/bin/antigen.zsh:3
[TRA][1551172217.1117620468] Gonna create compdump file @ apply COMPDUMP
[TRA][1551172217.1117620468] TRACE
-antigen-hook-antigen-apply
-antigen-hook-handler
antigen-apply
antigen-apply-parallel-execute
-antigen-hook-handler
antigen-apply
-antigen-hook-antigen
-antigen-hook-handler
antigen
/home/hyliang/ENV/shareENV/shell_config/.zshrc
/home/hyliang/ENV/CONF/.zshrc
[LOG][1551172217.6535985470] /home/hyliang/ENV/CONF/.local/bin/antigen.zsh:1518
[LOG][1551172217.6535985470] Return from hook antigen-apply with 0
[WRN][1551172217.6537892818] /home/hyliang/ENV/CONF/.local/bin/antigen.zsh:1509
[WRN][1551172217.6537892818] Replaced hooked function.
[WRN][1551172217.6538357735] /home/hyliang/ENV/CONF/.local/bin/antigen.zsh:1513
[WRN][1551172217.6538357735] Post hook: antigen-apply-lock
[WRN][1551172217.6538786888] /home/hyliang/ENV/CONF/.local/bin/antigen.zsh:22
[WRN][1551172217.6538786888] Freeing antigen-lock file at /home/hyliang/ENV/CONF/.antigen/.lock
[WRN][1551172217.6619856358] /home/hyliang/ENV/CONF/.local/bin/antigen.zsh:1513
[WRN][1551172217.6619856358] Post hook: antigen-apply-cached
[LOG][1551172217.6621251106] /home/hyliang/ENV/CONF/.local/bin/antigen.zsh:7
[LOG][1551172217.6621251106] TRACE: /home/hyliang/ENV/CONF/.local/bin/antigen.zsh:1514 /home/hyliang/ENV/CONF/.local/bin/antigen.zsh:2 /home/hyliang/ENV/CONF/.local/bin/antigen.zsh:11 /home/hyliang/ENV/CONF/.local/bin/antigen.zsh:1506 /home/hyliang/ENV/CONF/.local/bin/antigen.zsh:2 /home/hyliang/ENV/shareENV/shell_config/.zshrc:138 /home/hyliang/ENV/CONF/.zshrc:9 zsh:0
[LOG][1551172217.6625061035] /home/hyliang/ENV/CONF/.local/bin/antigen.zsh:1787
[LOG][1551172217.6625061035] Gonna generate cache for /home/hyliang/ENV/CONF/.antigen/bundles/robbyrussell/oh-my-zsh/lib /home/hyliang/ENV/CONF/.antigen/bundles/robbyrussell/oh-my-zsh/lib/bzr.zsh /home/hyliang/ENV/CONF/.antigen/bundles/robbyrussell/oh-my-zsh/lib/clipboard.zsh /home/hyliang/ENV/CONF/.antigen/bundles/robbyrussell/oh-my-zsh/lib/compfix.zsh /home/hyliang/ENV/CONF/.antigen/bundles/robbyrussell/oh-my-zsh/lib/completion.zsh /home/hyliang/ENV/CONF/.antigen/bundles/robbyrussell/oh-my-zsh/lib/correction.zsh /home/hyliang/ENV/CONF/.antigen/bundles/robbyrussell/oh-my-zsh/lib/diagnostics.zsh /home/hyliang/ENV/CONF/.antigen/bundles/robbyrussell/oh-my-zsh/lib/directories.zsh /home/hyliang/ENV/CONF/.antigen/bundles/robbyrussell/oh-my-zsh/lib/functions.zsh /home/hyliang/ENV/CONF/.antigen/bundles/robbyrussell/oh-my-zsh/lib/git.zsh /home/hyliang/ENV/CONF/.antigen/bundles/robbyrussell/oh-my-zsh/lib/grep.zsh /home/hyliang/ENV/CONF/.antigen/bundles/robbyrussell/oh-my-zsh/lib/history.zsh /home/hyliang/ENV/CONF/.antigen/bundles/robbyrussell/oh-my-zsh/lib/key-bindings.zsh /home/hyliang/ENV/CONF/.antigen/bundles/robbyrussell/oh-my-zsh/lib/misc.zsh /home/hyliang/ENV/CONF/.antigen/bundles/robbyrussell/oh-my-zsh/lib/nvm.zsh /home/hyliang/ENV/CONF/.antigen/bundles/robbyrussell/oh-my-zsh/lib/prompt_info_functions.zsh /home/hyliang/ENV/CONF/.antigen/bundles/robbyrussell/oh-my-zsh/lib/spectrum.zsh /home/hyliang/ENV/CONF/.antigen/bundles/robbyrussell/oh-my-zsh/lib/termsupport.zsh /home/hyliang/ENV/CONF/.antigen/bundles/robbyrussell/oh-my-zsh/lib/theme-and-appearance.zsh /home/hyliang/ENV/CONF/.antigen/bundles/robbyrussell/oh-my-zsh/plugins/pip /home/hyliang/ENV/CONF/.antigen/bundles/robbyrussell/oh-my-zsh/plugins/pip/pip.plugin.zsh /home/hyliang/ENV/CONF/.antigen/bundles/robbyrussell/oh-my-zsh/plugins/svn-fast-info /home/hyliang/ENV/CONF/.antigen/bundles/robbyrussell/oh-my-zsh/plugins/svn-fast-info/svn-fast-info.plugin.zsh /home/hyliang/ENV/CONF/.antigen/bundles/robbyrussell/oh-my-zsh/plugins/colorize /home/hyliang/ENV/CONF/.antigen/bundles/robbyrussell/oh-my-zsh/plugins/colorize/colorize.plugin.zsh /home/hyliang/ENV/CONF/.antigen/bundles/robbyrussell/oh-my-zsh/plugins/github /home/hyliang/ENV/CONF/.antigen/bundles/robbyrussell/oh-my-zsh/plugins/github/github.plugin.zsh /home/hyliang/ENV/CONF/.antigen/bundles/robbyrussell/oh-my-zsh/plugins/python /home/hyliang/ENV/CONF/.antigen/bundles/robbyrussell/oh-my-zsh/plugins/python/python.plugin.zsh /home/hyliang/ENV/CONF/.antigen/bundles/rupa/z/z.sh /home/hyliang/ENV/CONF/.antigen/bundles/rupa/z/z.sh /home/hyliang/ENV/CONF/.antigen/bundles/zsh-users/zsh-autosuggestions// /home/hyliang/ENV/CONF/.antigen/bundles/zsh-users/zsh-autosuggestions///zsh-autosuggestions.plugin.zsh /home/hyliang/ENV/CONF/.antigen/bundles/zsh-users/zsh-completions// /home/hyliang/ENV/CONF/.antigen/bundles/zsh-users/zsh-completions///zsh-completions.plugin.zsh /home/hyliang/ENV/CONF/.antigen/bundles/Vifon/deer// /home/hyliang/ENV/CONF/.antigen/bundles/willghatch/zsh-cdr// /home/hyliang/ENV/CONF/.antigen/bundles/willghatch/zsh-cdr///cdr.plugin.zsh /home/hyliang/ENV/CONF/.antigen/bundles/robbyrussell/oh-my-zsh/themes/agnoster.zsh-theme /home/hyliang/ENV/CONF/.antigen/bundles/robbyrussell/oh-my-zsh/themes/agnoster.zsh-theme /home/hyliang/ENV/CONF/.antigen/bundles/zsh-users/zsh-syntax-highlighting// /home/hyliang/ENV/CONF/.antigen/bundles/zsh-users/zsh-syntax-highlighting///zsh-syntax-highlighting.plugin.zsh
[LOG][1551172217.7731742859] /home/hyliang/ENV/CONF/.local/bin/antigen.zsh:1844
[LOG][1551172217.7731742859] CHECK_FILES /home/hyliang/ENV/CONF/.zshrc /home/hyliang/ENV/shareENV/shell_config/.zshrc
[LOG][1551172218.1705799103] /home/hyliang/ENV/CONF/.local/bin/antigen.zsh:1518
[LOG][1551172218.1705799103] Return from hook antigen-apply with 0
[LOG][1551172218.1707043648] /home/hyliang/ENV/CONF/.local/bin/antigen.zsh:1518
[LOG][1551172218.1707043648] Return from hook antigen with 0
